INFO [12-06|17:07:54.004] metric to prometheus                     module=prometheus metric=tx_latency
INFO [12-06|17:07:54.005] metric to prometheus                     module=prometheus metric=tx_count_sent
INFO [12-06|17:07:54.005] metric to prometheus                     module=prometheus metric=tx_count_got
INFO [12-06|17:07:54.005] Will use                                 accounts=20000 from=1000 to=21000
INFO [12-06|17:07:54.005] metrics server starts                    module=prometheus endpoint=:19090
INFO [12-06|17:07:54.006] Will use                                 accounts=2500  from=1000 to=3500
INFO [12-06|17:07:54.006] Will use                                 accounts=2500  from=3500 to=6000
INFO [12-06|17:07:54.006] Will use                                 accounts=2500  from=6000 to=8500
INFO [12-06|17:07:54.006] Will use                                 accounts=2500  from=8500 to=11000
INFO [12-06|17:07:54.006] Will use                                 accounts=2500  from=11000 to=13500
INFO [12-06|17:07:54.006] Will use                                 accounts=2500  from=13500 to=16000
INFO [12-06|17:07:54.006] Will use                                 accounts=2500  from=16000 to=18500
INFO [12-06|17:07:54.006] Will use                                 accounts=2500  from=18500 to=21000
INFO [12-06|17:07:54.007] Started                                  name=Sender0
INFO [12-06|17:07:54.007] Started                                  name=Sender1
INFO [12-06|17:07:54.007] Started                                  name=Sender2
INFO [12-06|17:07:54.007] Started                                  name=Sender3
INFO [12-06|17:07:54.007] Started                                  name=Sender4
INFO [12-06|17:07:54.007] Started                                  name=Sender5
INFO [12-06|17:07:54.007] Started                                  name=Sender6
INFO [12-06|17:07:54.008] Started                                  name=Sender7
INFO [12-06|17:07:54.008] Started                                  name=Sender8
INFO [12-06|17:07:54.008] Started                                  name=Sender9
INFO [12-06|17:07:54.008] started                                  name=Generator0
INFO [12-06|17:07:54.008] started                                  name=Generator1
INFO [12-06|17:07:54.008] started                                  name=Generator2
INFO [12-06|17:07:54.008] started                                  name=Generator3
INFO [12-06|17:07:54.008] started                                  name=Generator4
INFO [12-06|17:07:54.008] started                                  name=Generator5
INFO [12-06|17:07:54.008] started                                  name=Generator6
INFO [12-06|17:07:54.013] started                                  name=Generator7
INFO [12-06|17:07:54.014] Started                                  name=Feedback
INFO [12-06|17:07:54.015] Started                                  name=Threads
INFO [12-06|17:07:54.015] Regular tx                               name=Generator1 from=3500  to=3501  amount=1000000000000 nonce=0
INFO [12-06|17:07:54.015] Regular tx                               name=Generator1 from=3501  to=3502  amount=1000000000000 nonce=0
INFO [12-06|17:07:54.017] Regular tx                               name=Generator1 from=3502  to=3503  amount=1000000000000 nonce=0
INFO [12-06|17:07:54.018] Regular tx                               name=Generator1 from=3503  to=3504  amount=1000000000000 nonce=0
INFO [12-06|17:07:54.018] Regular tx                               name=Generator7 from=18500 to=18501 amount=1000000000000 nonce=0
INFO [12-06|17:07:54.011] Regular tx                               name=Generator0 from=1000  to=1001  amount=1000000000000 nonce=0
INFO [12-06|17:07:54.018] Regular tx                               name=Generator1 from=3504  to=3505  amount=1000000000000 nonce=0
INFO [12-06|17:07:54.019] Regular tx                               name=Generator0 from=1001  to=1002  amount=1000000000000 nonce=0
INFO [12-06|17:07:54.019] Regular tx                               name=Generator1 from=3505  to=3506  amount=1000000000000 nonce=0
INFO [12-06|17:07:54.024] Regular tx                               name=Generator1 from=3506  to=3507  amount=1000000000000 nonce=0
INFO [12-06|17:07:54.025] Regular tx                               name=Generator1 from=3507  to=3508  amount=1000000000000 nonce=0
INFO [12-06|17:07:54.025] Regular tx                               name=Generator1 from=3508  to=3509  amount=1000000000000 nonce=0
INFO [12-06|17:07:54.015] Regular tx                               name=Generator5 from=13500 to=13501 amount=1000000000000 nonce=0
INFO [12-06|17:07:54.019] Regular tx                               name=Generator7 from=18501 to=18502 amount=1000000000000 nonce=0
INFO [12-06|17:07:54.026] Regular tx                               name=Generator1 from=3509  to=3510  amount=1000000000000 nonce=0
INFO [12-06|17:07:54.026] Regular tx                               name=Generator5 from=13501 to=13502 amount=1000000000000 nonce=0
INFO [12-06|17:07:54.026] Regular tx                               name=Generator1 from=3510  to=3511  amount=1000000000000 nonce=0
INFO [12-06|17:07:54.027] Regular tx                               name=Generator1 from=3511  to=3512  amount=1000000000000 nonce=0
INFO [12-06|17:07:54.027] Regular tx                               name=Generator5 from=13502 to=13503 amount=1000000000000 nonce=0
INFO [12-06|17:07:54.027] Regular tx                               name=Generator1 from=3512  to=3513  amount=1000000000000 nonce=0
INFO [12-06|17:07:54.028] Regular tx                               name=Generator7 from=18502 to=18503 amount=1000000000000 nonce=0
INFO [12-06|17:07:54.014] Regular tx                               name=Generator3 from=8500  to=8501  amount=1000000000000 nonce=0
INFO [12-06|17:07:54.015] Regular tx                               name=Generator4 from=11000 to=11001 amount=1000000000000 nonce=0
INFO [12-06|17:07:54.013] Regular tx                               name=Generator6 from=16000 to=16001 amount=1000000000000 nonce=0
INFO [12-06|17:07:54.015] Regular tx                               name=Generator2 from=6000  to=6001  amount=1000000000000 nonce=0
DEBUG[12-06|17:07:54.019] tps limit                                name=Threads    timeout=988.954749ms
INFO [12-06|17:07:54.019] Regular tx                               name=Generator0 from=1002  to=1003  amount=1000000000000 nonce=0
ERROR[12-06|17:07:54.036] Tx sending err                           name=Sender1    info=3501-->3502 amount=1000000000000 cause="insufficient funds for gas * price + value" nonce=0
ERROR[12-06|17:07:54.036] Tx sending err                           name=Sender0    info=3500-->3501 amount=1000000000000 cause="insufficient funds for gas * price + value" nonce=0
DEBUG[12-06|17:07:55.020] tps limit                                name=Threads    timeout=999.996723ms
INFO [12-06|17:07:55.021] Regular tx                               name=Generator1 from=3513  to=3514  amount=1000000000000 nonce=0
INFO [12-06|17:07:55.021] Regular tx                               name=Generator7 from=18503 to=18504 amount=1000000000000 nonce=0
INFO [12-06|17:07:55.021] Regular tx                               name=Generator5 from=13503 to=13504 amount=1000000000000 nonce=0
ERROR[12-06|17:07:55.025] HeaderByNumber                           name=Feedback   err="missing required field 'gasUsed' for Header"
ERROR[12-06|17:07:55.026] Tx sending err                           name=Sender2    info=3502-->3503 amount=1000000000000 cause="insufficient funds for gas * price + value" nonce=0
ERROR[12-06|17:07:55.029] Tx sending err                           name=Sender3    info=3503-->3504 amount=1000000000000 cause="insufficient funds for gas * price + value" nonce=0
DEBUG[12-06|17:07:56.024] tps limit                                name=Threads    timeout=999.99407ms
INFO [12-06|17:07:56.025] Regular tx                               name=Generator6 from=16001 to=16002 amount=1000000000000 nonce=0
INFO [12-06|17:07:56.025] Regular tx                               name=Generator3 from=8501  to=8502  amount=1000000000000 nonce=0
INFO [12-06|17:07:56.026] Regular tx                               name=Generator4 from=11001 to=11002 amount=1000000000000 nonce=0
ERROR[12-06|17:07:56.027] HeaderByNumber                           name=Feedback   err="missing required field 'gasUsed' for Header"
ERROR[12-06|17:07:56.027] Tx sending err                           name=Sender4    info=3504-->3505 amount=1000000000000 cause="insufficient funds for gas * price + value" nonce=0
DEBUG[12-06|17:07:57.025] tps limit                                name=Threads    timeout=999.981968ms
INFO [12-06|17:07:57.026] Regular tx                               name=Generator2 from=6001  to=6002  amount=1000000000000 nonce=0
INFO [12-06|17:07:57.026] Regular tx                               name=Generator0 from=1003  to=1004  amount=1000000000000 nonce=0
INFO [12-06|17:07:57.026] Regular tx                               name=Generator1 from=3514  to=3515  amount=1000000000000 nonce=0
ERROR[12-06|17:07:57.027] Tx sending err                           name=Sender5    info=3505-->3506 amount=1000000000000 cause="insufficient funds for gas * price + value" nonce=0
ERROR[12-06|17:07:57.027] Tx sending err                           name=Sender6    info=3506-->3507 amount=1000000000000 cause="insufficient funds for gas * price + value" nonce=0
ERROR[12-06|17:07:57.028] HeaderByNumber                           name=Feedback   err="missing required field 'gasUsed' for Header"
ERROR[12-06|17:07:57.029] Tx sending err                           name=Sender7    info=3507-->3508 amount=1000000000000 cause="insufficient funds for gas * price + value" nonce=0
INFO [12-06|17:07:58.026] Regular tx                               name=Generator7 from=18504 to=18505 amount=1000000000000 nonce=0
INFO [12-06|17:07:58.026] Regular tx                               name=Generator5 from=13504 to=13505 amount=1000000000000 nonce=0
ERROR[12-06|17:07:58.028] Tx sending err                           name=Sender8    info=3508-->3509 amount=1000000000000 cause="insufficient funds for gas * price + value" nonce=0
ERROR[12-06|17:07:58.031] HeaderByNumber                           name=Feedback   err="missing required field 'gasUsed' for Header"
ERROR[12-06|17:07:59.034] HeaderByNumber                           name=Feedback   err="missing required field 'gasUsed' for Header"
ERROR[12-06|17:08:00.040] HeaderByNumber                           name=Feedback   err="missing required field 'gasUsed' for Header"
ERROR[12-06|17:08:01.045] HeaderByNumber                           name=Feedback   err="missing required field 'gasUsed' for Header"
ERROR[12-06|17:08:02.047] HeaderByNumber                           name=Feedback   err="missing required field 'gasUsed' for Header"
ERROR[12-06|17:08:03.053] HeaderByNumber                           name=Feedback   err="missing required field 'gasUsed' for Header"
ERROR[12-06|17:08:04.055] HeaderByNumber                           name=Feedback   err="missing required field 'gasUsed' for Header"
ERROR[12-06|17:08:05.062] HeaderByNumber                           name=Feedback   err="missing required field 'gasUsed' for Header"
ERROR[12-06|17:08:06.069] HeaderByNumber                           name=Feedback   err="missing required field 'gasUsed' for Header"
ERROR[12-06|17:08:07.072] HeaderByNumber                           name=Feedback   err="missing required field 'gasUsed' for Header"
ERROR[12-06|17:08:08.075] HeaderByNumber                           name=Feedback   err="missing required field 'gasUsed' for Header"
ERROR[12-06|17:08:09.083] HeaderByNumber                           name=Feedback   err="missing required field 'gasUsed' for Header"
ERROR[12-06|17:08:10.090] HeaderByNumber                           name=Feedback   err="missing required field 'gasUsed' for Header"
ERROR[12-06|17:08:11.093] HeaderByNumber                           name=Feedback   err="missing required field 'gasUsed' for Header"
ERROR[12-06|17:08:12.098] HeaderByNumber                           name=Feedback   err="missing required field 'gasUsed' for Header"
ERROR[12-06|17:08:13.101] HeaderByNumber                           name=Feedback   err="missing required field 'gasUsed' for Header"
ERROR[12-06|17:08:14.102] HeaderByNumber                           name=Feedback   err="missing required field 'gasUsed' for Header"
ERROR[12-06|17:08:15.105] HeaderByNumber                           name=Feedback   err="missing required field 'gasUsed' for Header"
ERROR[12-06|17:08:16.109] HeaderByNumber                           name=Feedback   err="missing required field 'gasUsed' for Header"
ERROR[12-06|17:08:17.114] HeaderByNumber                           name=Feedback   err="missing required field 'gasUsed' for Header"
ERROR[12-06|17:08:18.119] HeaderByNumber                           name=Feedback   err="missing required field 'gasUsed' for Header"
ERROR[12-06|17:08:19.122] HeaderByNumber                           name=Feedback   err="missing required field 'gasUsed' for Header"
ERROR[12-06|17:08:20.124] HeaderByNumber                           name=Feedback   err="missing required field 'gasUsed' for Header"
ERROR[12-06|17:08:21.132] HeaderByNumber                           name=Feedback   err="missing required field 'gasUsed' for Header"
ERROR[12-06|17:08:22.136] HeaderByNumber                           name=Feedback   err="missing required field 'gasUsed' for Header"
ERROR[12-06|17:08:23.141] HeaderByNumber                           name=Feedback   err="missing required field 'gasUsed' for Header"
ERROR[12-06|17:08:24.148] HeaderByNumber                           name=Feedback   err="missing required field 'gasUsed' for Header"
ERROR[12-06|17:08:25.155] HeaderByNumber                           name=Feedback   err="missing required field 'gasUsed' for Header"
ERROR[12-06|17:08:26.156] HeaderByNumber                           name=Feedback   err="missing required field 'gasUsed' for Header"
ERROR[12-06|17:08:27.163] HeaderByNumber                           name=Feedback   err="missing required field 'gasUsed' for Header"
ERROR[12-06|17:08:28.170] HeaderByNumber                           name=Feedback   err="missing required field 'gasUsed' for Header"
ERROR[12-06|17:08:29.177] HeaderByNumber                           name=Feedback   err="missing required field 'gasUsed' for Header"
ERROR[12-06|17:08:30.179] HeaderByNumber                           name=Feedback   err="missing required field 'gasUsed' for Header"
ERROR[12-06|17:08:31.186] HeaderByNumber                           name=Feedback   err="missing required field 'gasUsed' for Header"
ERROR[12-06|17:08:32.193] HeaderByNumber                           name=Feedback   err="missing required field 'gasUsed' for Header"
ERROR[12-06|17:08:33.198] HeaderByNumber                           name=Feedback   err="missing required field 'gasUsed' for Header"
ERROR[12-06|17:08:34.204] HeaderByNumber                           name=Feedback   err="missing required field 'gasUsed' for Header"
ERROR[12-06|17:08:35.212] HeaderByNumber                           name=Feedback   err="missing required field 'gasUsed' for Header"
ERROR[12-06|17:08:36.219] HeaderByNumber                           name=Feedback   err="missing required field 'gasUsed' for Header"
ERROR[12-06|17:08:37.252] HeaderByNumber                           name=Feedback   err="missing required field 'gasUsed' for Header"
ERROR[12-06|17:08:38.256] HeaderByNumber                           name=Feedback   err="missing required field 'gasUsed' for Header"
ERROR[12-06|17:08:39.261] HeaderByNumber                           name=Feedback   err="missing required field 'gasUsed' for Header"
ERROR[12-06|17:08:40.267] HeaderByNumber                           name=Feedback   err="missing required field 'gasUsed' for Header"
ERROR[12-06|17:08:41.274] HeaderByNumber                           name=Feedback   err="missing required field 'gasUsed' for Header"
ERROR[12-06|17:08:42.280] HeaderByNumber                           name=Feedback   err="missing required field 'gasUsed' for Header"
ERROR[12-06|17:08:43.286] HeaderByNumber                           name=Feedback   err="missing required field 'gasUsed' for Header"
ERROR[12-06|17:08:44.290] HeaderByNumber                           name=Feedback   err="missing required field 'gasUsed' for Header"
ERROR[12-06|17:08:45.297] HeaderByNumber                           name=Feedback   err="missing required field 'gasUsed' for Header"
ERROR[12-06|17:08:46.300] HeaderByNumber                           name=Feedback   err="missing required field 'gasUsed' for Header"
ERROR[12-06|17:08:47.307] HeaderByNumber                           name=Feedback   err="missing required field 'gasUsed' for Header"
ERROR[12-06|17:08:48.316] HeaderByNumber                           name=Feedback   err="missing required field 'gasUsed' for Header"
ERROR[12-06|17:08:49.318] HeaderByNumber                           name=Feedback   err="missing required field 'gasUsed' for Header"
ERROR[12-06|17:08:50.323] HeaderByNumber                           name=Feedback   err="missing required field 'gasUsed' for Header"
ERROR[12-06|17:08:51.327] HeaderByNumber                           name=Feedback   err="missing required field 'gasUsed' for Header"
ERROR[12-06|17:08:52.331] HeaderByNumber                           name=Feedback   err="missing required field 'gasUsed' for Header"
ERROR[12-06|17:08:53.333] HeaderByNumber                           name=Feedback   err="missing required field 'gasUsed' for Header"
ERROR[12-06|17:08:54.339] HeaderByNumber                           name=Feedback   err="missing required field 'gasUsed' for Header"
ERROR[12-06|17:08:55.342] HeaderByNumber                           name=Feedback   err="missing required field 'gasUsed' for Header"
ERROR[12-06|17:08:56.347] HeaderByNumber                           name=Feedback   err="missing required field 'gasUsed' for Header"
ERROR[12-06|17:08:57.351] HeaderByNumber                           name=Feedback   err="missing required field 'gasUsed' for Header"
ERROR[12-06|17:08:58.354] HeaderByNumber                           name=Feedback   err="missing required field 'gasUsed' for Header"
ERROR[12-06|17:08:59.359] HeaderByNumber                           name=Feedback   err="missing required field 'gasUsed' for Header"
ERROR[12-06|17:09:00.366] HeaderByNumber                           name=Feedback   err="missing required field 'gasUsed' for Header"
ERROR[12-06|17:09:01.372] HeaderByNumber                           name=Feedback   err="missing required field 'gasUsed' for Header"
ERROR[12-06|17:09:02.377] HeaderByNumber                           name=Feedback   err="missing required field 'gasUsed' for Header"
ERROR[12-06|17:09:03.377] HeaderByNumber                           name=Feedback   err="missing required field 'gasUsed' for Header"
ERROR[12-06|17:09:04.383] HeaderByNumber                           name=Feedback   err="missing required field 'gasUsed' for Header"
ERROR[12-06|17:09:05.390] HeaderByNumber                           name=Feedback   err="missing required field 'gasUsed' for Header"
ERROR[12-06|17:09:06.391] HeaderByNumber                           name=Feedback   err="missing required field 'gasUsed' for Header"
ERROR[12-06|17:09:07.399] HeaderByNumber                           name=Feedback   err="missing required field 'gasUsed' for Header"
ERROR[12-06|17:09:08.406] HeaderByNumber                           name=Feedback   err="missing required field 'gasUsed' for Header"
ERROR[12-06|17:09:09.414] HeaderByNumber                           name=Feedback   err="missing required field 'gasUsed' for Header"
ERROR[12-06|17:09:10.421] HeaderByNumber                           name=Feedback   err="missing required field 'gasUsed' for Header"
ERROR[12-06|17:09:11.425] HeaderByNumber                           name=Feedback   err="missing required field 'gasUsed' for Header"
ERROR[12-06|17:09:12.430] HeaderByNumber                           name=Feedback   err="missing required field 'gasUsed' for Header"
ERROR[12-06|17:09:13.436] HeaderByNumber                           name=Feedback   err="missing required field 'gasUsed' for Header"
ERROR[12-06|17:09:14.441] HeaderByNumber                           name=Feedback   err="missing required field 'gasUsed' for Header"
ERROR[12-06|17:09:15.446] HeaderByNumber                           name=Feedback   err="missing required field 'gasUsed' for Header"
ERROR[12-06|17:09:16.454] HeaderByNumber                           name=Feedback   err="missing required field 'gasUsed' for Header"
ERROR[12-06|17:09:17.457] HeaderByNumber                           name=Feedback   err="missing required field 'gasUsed' for Header"
ERROR[12-06|17:09:18.461] HeaderByNumber                           name=Feedback   err="missing required field 'gasUsed' for Header"
ERROR[12-06|17:09:19.465] HeaderByNumber                           name=Feedback   err="missing required field 'gasUsed' for Header"
ERROR[12-06|17:09:20.472] HeaderByNumber                           name=Feedback   err="missing required field 'gasUsed' for Header"
ERROR[12-06|17:09:21.476] HeaderByNumber                           name=Feedback   err="missing required field 'gasUsed' for Header"
ERROR[12-06|17:09:22.481] HeaderByNumber                           name=Feedback   err="missing required field 'gasUsed' for Header"
ERROR[12-06|17:09:23.487] HeaderByNumber                           name=Feedback   err="missing required field 'gasUsed' for Header"
ERROR[12-06|17:09:24.494] HeaderByNumber                           name=Feedback   err="missing required field 'gasUsed' for Header"
ERROR[12-06|17:09:25.500] HeaderByNumber                           name=Feedback   err="missing required field 'gasUsed' for Header"
ERROR[12-06|17:09:26.506] HeaderByNumber                           name=Feedback   err="missing required field 'gasUsed' for Header"
ERROR[12-06|17:09:27.509] HeaderByNumber                           name=Feedback   err="missing required field 'gasUsed' for Header"
ERROR[12-06|17:09:28.516] HeaderByNumber                           name=Feedback   err="missing required field 'gasUsed' for Header"
ERROR[12-06|17:09:29.523] HeaderByNumber                           name=Feedback   err="missing required field 'gasUsed' for Header"
ERROR[12-06|17:09:30.529] HeaderByNumber                           name=Feedback   err="missing required field 'gasUsed' for Header"
ERROR[12-06|17:09:31.535] HeaderByNumber                           name=Feedback   err="missing required field 'gasUsed' for Header"
ERROR[12-06|17:09:32.541] HeaderByNumber                           name=Feedback   err="missing required field 'gasUsed' for Header"
ERROR[12-06|17:09:33.549] HeaderByNumber                           name=Feedback   err="missing required field 'gasUsed' for Header"
ERROR[12-06|17:09:34.551] HeaderByNumber                           name=Feedback   err="missing required field 'gasUsed' for Header"
ERROR[12-06|17:09:35.557] HeaderByNumber                           name=Feedback   err="missing required field 'gasUsed' for Header"
ERROR[12-06|17:09:36.559] HeaderByNumber                           name=Feedback   err="missing required field 'gasUsed' for Header"
ERROR[12-06|17:09:37.565] HeaderByNumber                           name=Feedback   err="missing required field 'gasUsed' for Header"
ERROR[12-06|17:09:38.574] HeaderByNumber                           name=Feedback   err="missing required field 'gasUsed' for Header"
ERROR[12-06|17:09:39.580] HeaderByNumber                           name=Feedback   err="missing required field 'gasUsed' for Header"
ERROR[12-06|17:09:40.585] HeaderByNumber                           name=Feedback   err="missing required field 'gasUsed' for Header"
ERROR[12-06|17:09:41.591] HeaderByNumber                           name=Feedback   err="missing required field 'gasUsed' for Header"
ERROR[12-06|17:09:42.596] HeaderByNumber                           name=Feedback   err="missing required field 'gasUsed' for Header"
ERROR[12-06|17:09:43.602] HeaderByNumber                           name=Feedback   err="missing required field 'gasUsed' for Header"
