INFO [12-06|17:07:54.004] metric to prometheus                     module=prometheus metric=tx_latency
INFO [12-06|17:07:54.005] metric to prometheus                     module=prometheus metric=tx_count_sent
INFO [12-06|17:07:54.005] metric to prometheus                     module=prometheus metric=tx_count_got
INFO [12-06|17:07:54.005] metrics server starts                    module=prometheus endpoint=:19090
INFO [12-06|17:07:54.005] Will use                                 accounts=20000 from=21000 to=41000
INFO [12-06|17:07:54.006] Will use                                 accounts=2500  from=21000 to=23500
INFO [12-06|17:07:54.006] Will use                                 accounts=2500  from=23500 to=26000
INFO [12-06|17:07:54.006] Will use                                 accounts=2500  from=26000 to=28500
INFO [12-06|17:07:54.006] Will use                                 accounts=2500  from=28500 to=31000
INFO [12-06|17:07:54.006] Will use                                 accounts=2500  from=31000 to=33500
INFO [12-06|17:07:54.006] Will use                                 accounts=2500  from=33500 to=36000
INFO [12-06|17:07:54.006] Will use                                 accounts=2500  from=36000 to=38500
INFO [12-06|17:07:54.007] Will use                                 accounts=2500  from=38500 to=41000
INFO [12-06|17:07:54.007] Started                                  name=Sender0
INFO [12-06|17:07:54.007] Started                                  name=Sender1
INFO [12-06|17:07:54.007] Started                                  name=Sender2
INFO [12-06|17:07:54.007] Started                                  name=Sender3
INFO [12-06|17:07:54.007] Started                                  name=Sender4
INFO [12-06|17:07:54.007] Started                                  name=Sender5
INFO [12-06|17:07:54.007] Started                                  name=Sender6
INFO [12-06|17:07:54.007] Started                                  name=Sender7
INFO [12-06|17:07:54.007] Started                                  name=Sender8
INFO [12-06|17:07:54.007] Started                                  name=Sender9
INFO [12-06|17:07:54.008] started                                  name=Generator0
INFO [12-06|17:07:54.008] started                                  name=Generator1
INFO [12-06|17:07:54.008] started                                  name=Generator2
INFO [12-06|17:07:54.008] started                                  name=Generator3
INFO [12-06|17:07:54.009] started                                  name=Generator4
INFO [12-06|17:07:54.009] started                                  name=Generator5
INFO [12-06|17:07:54.009] started                                  name=Generator6
INFO [12-06|17:07:54.012] started                                  name=Generator7
INFO [12-06|17:07:54.012] Started                                  name=Feedback
INFO [12-06|17:07:54.012] Started                                  name=Threads
INFO [12-06|17:07:54.013] Regular tx                               name=Generator1 from=23500 to=23501 amount=1000000000000 nonce=0
INFO [12-06|17:07:54.017] Regular tx                               name=Generator1 from=23501 to=23502 amount=1000000000000 nonce=0
INFO [12-06|17:07:54.018] Regular tx                               name=Generator1 from=23502 to=23503 amount=1000000000000 nonce=0
INFO [12-06|17:07:54.018] Regular tx                               name=Generator1 from=23503 to=23504 amount=1000000000000 nonce=0
INFO [12-06|17:07:54.019] Regular tx                               name=Generator1 from=23504 to=23505 amount=1000000000000 nonce=0
INFO [12-06|17:07:54.013] Regular tx                               name=Generator4 from=31000 to=31001 amount=1000000000000 nonce=0
INFO [12-06|17:07:54.020] Regular tx                               name=Generator4 from=31001 to=31002 amount=1000000000000 nonce=0
DEBUG[12-06|17:07:54.020] tps limit                                name=Threads    timeout=988.177112ms
INFO [12-06|17:07:54.012] Regular tx                               name=Generator0 from=21000 to=21001 amount=1000000000000 nonce=0
INFO [12-06|17:07:54.021] Regular tx                               name=Generator0 from=21001 to=21002 amount=1000000000000 nonce=0
INFO [12-06|17:07:54.021] Regular tx                               name=Generator1 from=23505 to=23506 amount=1000000000000 nonce=0
INFO [12-06|17:07:54.021] Regular tx                               name=Generator0 from=21002 to=21003 amount=1000000000000 nonce=0
INFO [12-06|17:07:54.021] Regular tx                               name=Generator1 from=23506 to=23507 amount=1000000000000 nonce=0
INFO [12-06|17:07:54.022] Regular tx                               name=Generator0 from=21003 to=21004 amount=1000000000000 nonce=0
INFO [12-06|17:07:54.022] Regular tx                               name=Generator1 from=23507 to=23508 amount=1000000000000 nonce=0
INFO [12-06|17:07:54.022] Regular tx                               name=Generator0 from=21004 to=21005 amount=1000000000000 nonce=0
INFO [12-06|17:07:54.022] Regular tx                               name=Generator1 from=23508 to=23509 amount=1000000000000 nonce=0
INFO [12-06|17:07:54.023] Regular tx                               name=Generator0 from=21005 to=21006 amount=1000000000000 nonce=0
INFO [12-06|17:07:54.023] Regular tx                               name=Generator1 from=23509 to=23510 amount=1000000000000 nonce=0
INFO [12-06|17:07:54.023] Regular tx                               name=Generator0 from=21006 to=21007 amount=1000000000000 nonce=0
INFO [12-06|17:07:54.012] Regular tx                               name=Generator2 from=26000 to=26001 amount=1000000000000 nonce=0
INFO [12-06|17:07:54.012] Regular tx                               name=Generator6 from=36000 to=36001 amount=1000000000000 nonce=0
INFO [12-06|17:07:54.013] Regular tx                               name=Generator5 from=33500 to=33501 amount=1000000000000 nonce=0
INFO [12-06|17:07:54.014] Regular tx                               name=Generator3 from=28500 to=28501 amount=1000000000000 nonce=0
INFO [12-06|17:07:54.014] Regular tx                               name=Generator7 from=38500 to=38501 amount=1000000000000 nonce=0
INFO [12-06|17:07:54.016] metrics server                           module=prometheus err="listen tcp :19090: bind: address already in use"
INFO [12-06|17:07:54.023] metrics server is stopped                module=prometheus
INFO [12-06|17:07:54.020] Regular tx                               name=Generator4 from=31002 to=31003 amount=1000000000000 nonce=0
INFO [12-06|17:07:54.023] Regular tx                               name=Generator1 from=23510 to=23511 amount=1000000000000 nonce=0
ERROR[12-06|17:07:54.039] Tx sending err                           name=Sender1    info=23501-->23502 amount=1000000000000 cause="insufficient funds for gas * price + value" nonce=0
ERROR[12-06|17:07:54.039] Tx sending err                           name=Sender0    info=23500-->23501 amount=1000000000000 cause="insufficient funds for gas * price + value" nonce=0
DEBUG[12-06|17:07:55.012] tps limit                                name=Threads    timeout=999.992821ms
INFO [12-06|17:07:55.013] Regular tx                               name=Generator2 from=26001 to=26002 amount=1000000000000 nonce=0
INFO [12-06|17:07:55.014] Regular tx                               name=Generator0 from=21007 to=21008 amount=1000000000000 nonce=0
INFO [12-06|17:07:55.014] Regular tx                               name=Generator6 from=36001 to=36002 amount=1000000000000 nonce=0
ERROR[12-06|17:07:55.018] Tx sending err                           name=Sender3    info=23503-->23504 amount=1000000000000 cause="insufficient funds for gas * price + value" nonce=0
ERROR[12-06|17:07:55.020] Tx sending err                           name=Sender4    info=23504-->23505 amount=1000000000000 cause="insufficient funds for gas * price + value" nonce=0
ERROR[12-06|17:07:55.021] Tx sending err                           name=Sender2    info=23502-->23503 amount=1000000000000 cause="insufficient funds for gas * price + value" nonce=0
ERROR[12-06|17:07:55.023] HeaderByNumber                           name=Feedback   err="missing required field 'gasUsed' for Header"
DEBUG[12-06|17:07:56.016] tps limit                                name=Threads    timeout=999.995935ms
INFO [12-06|17:07:56.017] Regular tx                               name=Generator5 from=33501 to=33502 amount=1000000000000 nonce=0
INFO [12-06|17:07:56.017] Regular tx                               name=Generator3 from=28501 to=28502 amount=1000000000000 nonce=0
INFO [12-06|17:07:56.017] Regular tx                               name=Generator7 from=38501 to=38502 amount=1000000000000 nonce=0
ERROR[12-06|17:07:56.025] HeaderByNumber                           name=Feedback   err="missing required field 'gasUsed' for Header"
DEBUG[12-06|17:07:57.017] tps limit                                name=Threads    timeout=999.993178ms
INFO [12-06|17:07:57.018] Regular tx                               name=Generator1 from=23511 to=23512 amount=1000000000000 nonce=0
INFO [12-06|17:07:57.019] Regular tx                               name=Generator2 from=26002 to=26003 amount=1000000000000 nonce=0
INFO [12-06|17:07:57.019] Regular tx                               name=Generator4 from=31003 to=31004 amount=1000000000000 nonce=0
ERROR[12-06|17:07:57.020] Tx sending err                           name=Sender5    info=23505-->23506 amount=1000000000000 cause="insufficient funds for gas * price + value" nonce=0
ERROR[12-06|17:07:57.027] HeaderByNumber                           name=Feedback   err="missing required field 'gasUsed' for Header"
DEBUG[12-06|17:07:58.021] tps limit                                name=Threads    timeout=999.992939ms
INFO [12-06|17:07:58.022] Regular tx                               name=Generator6 from=36002 to=36003 amount=1000000000000 nonce=0
INFO [12-06|17:07:58.022] Regular tx                               name=Generator0 from=21008 to=21009 amount=1000000000000 nonce=0
INFO [12-06|17:07:58.022] Regular tx                               name=Generator5 from=33502 to=33503 amount=1000000000000 nonce=0
ERROR[12-06|17:07:58.024] Tx sending err                           name=Sender7    info=23507-->23508 amount=1000000000000 cause="insufficient funds for gas * price + value" nonce=0
ERROR[12-06|17:07:58.024] Tx sending err                           name=Sender6    info=23506-->23507 amount=1000000000000 cause="insufficient funds for gas * price + value" nonce=0
ERROR[12-06|17:07:58.029] HeaderByNumber                           name=Feedback   err="missing required field 'gasUsed' for Header"
DEBUG[12-06|17:07:59.026] tps limit                                name=Threads    timeout=999.991712ms
INFO [12-06|17:07:59.027] Regular tx                               name=Generator3 from=28502 to=28503 amount=1000000000000 nonce=0
INFO [12-06|17:07:59.027] Regular tx                               name=Generator1 from=23512 to=23513 amount=1000000000000 nonce=0
INFO [12-06|17:07:59.027] Regular tx                               name=Generator7 from=38502 to=38503 amount=1000000000000 nonce=0
ERROR[12-06|17:07:59.029] Tx sending err                           name=Sender8    info=23508-->23509 amount=1000000000000 cause="insufficient funds for gas * price + value" nonce=0
ERROR[12-06|17:07:59.031] HeaderByNumber                           name=Feedback   err="missing required field 'gasUsed' for Header"
INFO [12-06|17:08:00.033] Regular tx                               name=Generator6 from=36003 to=36004 amount=1000000000000 nonce=0
INFO [12-06|17:08:00.033] Regular tx                               name=Generator4 from=31004 to=31005 amount=1000000000000 nonce=0
INFO [12-06|17:08:00.033] Regular tx                               name=Generator2 from=26003 to=26004 amount=1000000000000 nonce=0
ERROR[12-06|17:08:00.035] Tx sending err                           name=Sender9    info=23509-->23510 amount=1000000000000 cause="insufficient funds for gas * price + value" nonce=0
ERROR[12-06|17:08:00.036] HeaderByNumber                           name=Feedback   err="missing required field 'gasUsed' for Header"
ERROR[12-06|17:08:01.038] HeaderByNumber                           name=Feedback   err="missing required field 'gasUsed' for Header"
ERROR[12-06|17:08:02.042] HeaderByNumber                           name=Feedback   err="missing required field 'gasUsed' for Header"
ERROR[12-06|17:08:03.047] HeaderByNumber                           name=Feedback   err="missing required field 'gasUsed' for Header"
ERROR[12-06|17:08:04.054] HeaderByNumber                           name=Feedback   err="missing required field 'gasUsed' for Header"
ERROR[12-06|17:08:05.061] HeaderByNumber                           name=Feedback   err="missing required field 'gasUsed' for Header"
ERROR[12-06|17:08:06.063] HeaderByNumber                           name=Feedback   err="missing required field 'gasUsed' for Header"
ERROR[12-06|17:08:07.069] HeaderByNumber                           name=Feedback   err="missing required field 'gasUsed' for Header"
ERROR[12-06|17:08:08.074] HeaderByNumber                           name=Feedback   err="missing required field 'gasUsed' for Header"
ERROR[12-06|17:08:09.082] HeaderByNumber                           name=Feedback   err="missing required field 'gasUsed' for Header"
ERROR[12-06|17:08:10.090] HeaderByNumber                           name=Feedback   err="missing required field 'gasUsed' for Header"
ERROR[12-06|17:08:11.097] HeaderByNumber                           name=Feedback   err="missing required field 'gasUsed' for Header"
ERROR[12-06|17:08:12.102] HeaderByNumber                           name=Feedback   err="missing required field 'gasUsed' for Header"
ERROR[12-06|17:08:13.106] HeaderByNumber                           name=Feedback   err="missing required field 'gasUsed' for Header"
ERROR[12-06|17:08:14.111] HeaderByNumber                           name=Feedback   err="missing required field 'gasUsed' for Header"
ERROR[12-06|17:08:15.119] HeaderByNumber                           name=Feedback   err="missing required field 'gasUsed' for Header"
ERROR[12-06|17:08:16.122] HeaderByNumber                           name=Feedback   err="missing required field 'gasUsed' for Header"
ERROR[12-06|17:08:17.130] HeaderByNumber                           name=Feedback   err="missing required field 'gasUsed' for Header"
ERROR[12-06|17:08:18.134] HeaderByNumber                           name=Feedback   err="missing required field 'gasUsed' for Header"
ERROR[12-06|17:08:19.138] HeaderByNumber                           name=Feedback   err="missing required field 'gasUsed' for Header"
ERROR[12-06|17:08:20.145] HeaderByNumber                           name=Feedback   err="missing required field 'gasUsed' for Header"
ERROR[12-06|17:08:21.148] HeaderByNumber                           name=Feedback   err="missing required field 'gasUsed' for Header"
ERROR[12-06|17:08:22.151] HeaderByNumber                           name=Feedback   err="missing required field 'gasUsed' for Header"
ERROR[12-06|17:08:23.157] HeaderByNumber                           name=Feedback   err="missing required field 'gasUsed' for Header"
ERROR[12-06|17:08:24.161] HeaderByNumber                           name=Feedback   err="missing required field 'gasUsed' for Header"
ERROR[12-06|17:08:25.168] HeaderByNumber                           name=Feedback   err="missing required field 'gasUsed' for Header"
ERROR[12-06|17:08:26.173] HeaderByNumber                           name=Feedback   err="missing required field 'gasUsed' for Header"
ERROR[12-06|17:08:27.177] HeaderByNumber                           name=Feedback   err="missing required field 'gasUsed' for Header"
ERROR[12-06|17:08:28.182] HeaderByNumber                           name=Feedback   err="missing required field 'gasUsed' for Header"
ERROR[12-06|17:08:29.188] HeaderByNumber                           name=Feedback   err="missing required field 'gasUsed' for Header"
ERROR[12-06|17:08:30.194] HeaderByNumber                           name=Feedback   err="missing required field 'gasUsed' for Header"
ERROR[12-06|17:08:31.197] HeaderByNumber                           name=Feedback   err="missing required field 'gasUsed' for Header"
ERROR[12-06|17:08:32.203] HeaderByNumber                           name=Feedback   err="missing required field 'gasUsed' for Header"
ERROR[12-06|17:08:33.209] HeaderByNumber                           name=Feedback   err="missing required field 'gasUsed' for Header"
ERROR[12-06|17:08:34.213] HeaderByNumber                           name=Feedback   err="missing required field 'gasUsed' for Header"
ERROR[12-06|17:08:35.218] HeaderByNumber                           name=Feedback   err="missing required field 'gasUsed' for Header"
ERROR[12-06|17:08:36.220] HeaderByNumber                           name=Feedback   err="missing required field 'gasUsed' for Header"
ERROR[12-06|17:08:37.252] HeaderByNumber                           name=Feedback   err="missing required field 'gasUsed' for Header"
ERROR[12-06|17:08:38.256] HeaderByNumber                           name=Feedback   err="missing required field 'gasUsed' for Header"
ERROR[12-06|17:08:39.261] HeaderByNumber                           name=Feedback   err="missing required field 'gasUsed' for Header"
ERROR[12-06|17:08:40.267] HeaderByNumber                           name=Feedback   err="missing required field 'gasUsed' for Header"
ERROR[12-06|17:08:41.274] HeaderByNumber                           name=Feedback   err="missing required field 'gasUsed' for Header"
ERROR[12-06|17:08:42.280] HeaderByNumber                           name=Feedback   err="missing required field 'gasUsed' for Header"
ERROR[12-06|17:08:43.287] HeaderByNumber                           name=Feedback   err="missing required field 'gasUsed' for Header"
ERROR[12-06|17:08:44.290] HeaderByNumber                           name=Feedback   err="missing required field 'gasUsed' for Header"
ERROR[12-06|17:08:45.297] HeaderByNumber                           name=Feedback   err="missing required field 'gasUsed' for Header"
ERROR[12-06|17:08:46.299] HeaderByNumber                           name=Feedback   err="missing required field 'gasUsed' for Header"
ERROR[12-06|17:08:47.307] HeaderByNumber                           name=Feedback   err="missing required field 'gasUsed' for Header"
ERROR[12-06|17:08:48.315] HeaderByNumber                           name=Feedback   err="missing required field 'gasUsed' for Header"
ERROR[12-06|17:08:49.317] HeaderByNumber                           name=Feedback   err="missing required field 'gasUsed' for Header"
ERROR[12-06|17:08:50.323] HeaderByNumber                           name=Feedback   err="missing required field 'gasUsed' for Header"
ERROR[12-06|17:08:51.327] HeaderByNumber                           name=Feedback   err="missing required field 'gasUsed' for Header"
ERROR[12-06|17:08:52.331] HeaderByNumber                           name=Feedback   err="missing required field 'gasUsed' for Header"
ERROR[12-06|17:08:53.334] HeaderByNumber                           name=Feedback   err="missing required field 'gasUsed' for Header"
ERROR[12-06|17:08:54.340] HeaderByNumber                           name=Feedback   err="missing required field 'gasUsed' for Header"
ERROR[12-06|17:08:55.342] HeaderByNumber                           name=Feedback   err="missing required field 'gasUsed' for Header"
ERROR[12-06|17:08:56.347] HeaderByNumber                           name=Feedback   err="missing required field 'gasUsed' for Header"
ERROR[12-06|17:08:57.351] HeaderByNumber                           name=Feedback   err="missing required field 'gasUsed' for Header"
ERROR[12-06|17:08:58.355] HeaderByNumber                           name=Feedback   err="missing required field 'gasUsed' for Header"
ERROR[12-06|17:08:59.359] HeaderByNumber                           name=Feedback   err="missing required field 'gasUsed' for Header"
ERROR[12-06|17:09:00.367] HeaderByNumber                           name=Feedback   err="missing required field 'gasUsed' for Header"
ERROR[12-06|17:09:01.371] HeaderByNumber                           name=Feedback   err="missing required field 'gasUsed' for Header"
ERROR[12-06|17:09:02.374] HeaderByNumber                           name=Feedback   err="missing required field 'gasUsed' for Header"
ERROR[12-06|17:09:03.377] HeaderByNumber                           name=Feedback   err="missing required field 'gasUsed' for Header"
ERROR[12-06|17:09:04.384] HeaderByNumber                           name=Feedback   err="missing required field 'gasUsed' for Header"
ERROR[12-06|17:09:05.390] HeaderByNumber                           name=Feedback   err="missing required field 'gasUsed' for Header"
ERROR[12-06|17:09:06.391] HeaderByNumber                           name=Feedback   err="missing required field 'gasUsed' for Header"
ERROR[12-06|17:09:07.399] HeaderByNumber                           name=Feedback   err="missing required field 'gasUsed' for Header"
ERROR[12-06|17:09:08.406] HeaderByNumber                           name=Feedback   err="missing required field 'gasUsed' for Header"
ERROR[12-06|17:09:09.414] HeaderByNumber                           name=Feedback   err="missing required field 'gasUsed' for Header"
ERROR[12-06|17:09:10.420] HeaderByNumber                           name=Feedback   err="missing required field 'gasUsed' for Header"
ERROR[12-06|17:09:11.424] HeaderByNumber                           name=Feedback   err="missing required field 'gasUsed' for Header"
ERROR[12-06|17:09:12.430] HeaderByNumber                           name=Feedback   err="missing required field 'gasUsed' for Header"
ERROR[12-06|17:09:13.436] HeaderByNumber                           name=Feedback   err="missing required field 'gasUsed' for Header"
ERROR[12-06|17:09:14.440] HeaderByNumber                           name=Feedback   err="missing required field 'gasUsed' for Header"
ERROR[12-06|17:09:15.446] HeaderByNumber                           name=Feedback   err="missing required field 'gasUsed' for Header"
ERROR[12-06|17:09:16.454] HeaderByNumber                           name=Feedback   err="missing required field 'gasUsed' for Header"
ERROR[12-06|17:09:17.457] HeaderByNumber                           name=Feedback   err="missing required field 'gasUsed' for Header"
ERROR[12-06|17:09:18.461] HeaderByNumber                           name=Feedback   err="missing required field 'gasUsed' for Header"
ERROR[12-06|17:09:19.465] HeaderByNumber                           name=Feedback   err="missing required field 'gasUsed' for Header"
ERROR[12-06|17:09:20.472] HeaderByNumber                           name=Feedback   err="missing required field 'gasUsed' for Header"
ERROR[12-06|17:09:21.476] HeaderByNumber                           name=Feedback   err="missing required field 'gasUsed' for Header"
ERROR[12-06|17:09:22.481] HeaderByNumber                           name=Feedback   err="missing required field 'gasUsed' for Header"
ERROR[12-06|17:09:23.487] HeaderByNumber                           name=Feedback   err="missing required field 'gasUsed' for Header"
ERROR[12-06|17:09:24.495] HeaderByNumber                           name=Feedback   err="missing required field 'gasUsed' for Header"
ERROR[12-06|17:09:25.500] HeaderByNumber                           name=Feedback   err="missing required field 'gasUsed' for Header"
ERROR[12-06|17:09:26.507] HeaderByNumber                           name=Feedback   err="missing required field 'gasUsed' for Header"
ERROR[12-06|17:09:27.509] HeaderByNumber                           name=Feedback   err="missing required field 'gasUsed' for Header"
ERROR[12-06|17:09:28.517] HeaderByNumber                           name=Feedback   err="missing required field 'gasUsed' for Header"
ERROR[12-06|17:09:29.522] HeaderByNumber                           name=Feedback   err="missing required field 'gasUsed' for Header"
ERROR[12-06|17:09:30.526] HeaderByNumber                           name=Feedback   err="missing required field 'gasUsed' for Header"
ERROR[12-06|17:09:31.532] HeaderByNumber                           name=Feedback   err="missing required field 'gasUsed' for Header"
ERROR[12-06|17:09:32.537] HeaderByNumber                           name=Feedback   err="missing required field 'gasUsed' for Header"
ERROR[12-06|17:09:33.543] HeaderByNumber                           name=Feedback   err="missing required field 'gasUsed' for Header"
ERROR[12-06|17:09:34.550] HeaderByNumber                           name=Feedback   err="missing required field 'gasUsed' for Header"
ERROR[12-06|17:09:35.555] HeaderByNumber                           name=Feedback   err="missing required field 'gasUsed' for Header"
ERROR[12-06|17:09:36.559] HeaderByNumber                           name=Feedback   err="missing required field 'gasUsed' for Header"
ERROR[12-06|17:09:37.564] HeaderByNumber                           name=Feedback   err="missing required field 'gasUsed' for Header"
ERROR[12-06|17:09:38.575] HeaderByNumber                           name=Feedback   err="missing required field 'gasUsed' for Header"
ERROR[12-06|17:09:39.581] HeaderByNumber                           name=Feedback   err="missing required field 'gasUsed' for Header"
ERROR[12-06|17:09:40.586] HeaderByNumber                           name=Feedback   err="missing required field 'gasUsed' for Header"
ERROR[12-06|17:09:41.591] HeaderByNumber                           name=Feedback   err="missing required field 'gasUsed' for Header"
ERROR[12-06|17:09:42.597] HeaderByNumber                           name=Feedback   err="missing required field 'gasUsed' for Header"
ERROR[12-06|17:09:43.603] HeaderByNumber                           name=Feedback   err="missing required field 'gasUsed' for Header"
