INFO [12-06|17:07:54.004] metric to prometheus                     module=prometheus metric=tx_count_sent
INFO [12-06|17:07:54.005] metric to prometheus                     module=prometheus metric=tx_count_got
INFO [12-06|17:07:54.005] metric to prometheus                     module=prometheus metric=tx_latency
INFO [12-06|17:07:54.005] metrics server starts                    module=prometheus endpoint=:19090
INFO [12-06|17:07:54.005] Will use                                 accounts=20000 from=41000 to=61000
INFO [12-06|17:07:54.006] Will use                                 accounts=2500  from=41000 to=43500
INFO [12-06|17:07:54.006] Will use                                 accounts=2500  from=43500 to=46000
INFO [12-06|17:07:54.006] Will use                                 accounts=2500  from=46000 to=48500
INFO [12-06|17:07:54.006] Will use                                 accounts=2500  from=48500 to=51000
INFO [12-06|17:07:54.006] Will use                                 accounts=2500  from=51000 to=53500
INFO [12-06|17:07:54.006] Will use                                 accounts=2500  from=53500 to=56000
INFO [12-06|17:07:54.006] Will use                                 accounts=2500  from=56000 to=58500
INFO [12-06|17:07:54.006] Will use                                 accounts=2500  from=58500 to=61000
INFO [12-06|17:07:54.006] Started                                  name=Sender0
INFO [12-06|17:07:54.006] Started                                  name=Sender1
INFO [12-06|17:07:54.007] Started                                  name=Sender2
INFO [12-06|17:07:54.007] Started                                  name=Sender3
INFO [12-06|17:07:54.007] Started                                  name=Sender4
INFO [12-06|17:07:54.007] Started                                  name=Sender5
INFO [12-06|17:07:54.007] Started                                  name=Sender6
INFO [12-06|17:07:54.007] Started                                  name=Sender7
INFO [12-06|17:07:54.008] Started                                  name=Sender8
INFO [12-06|17:07:54.008] Started                                  name=Sender9
INFO [12-06|17:07:54.008] started                                  name=Generator0
INFO [12-06|17:07:54.008] started                                  name=Generator1
INFO [12-06|17:07:54.008] started                                  name=Generator2
INFO [12-06|17:07:54.008] started                                  name=Generator3
INFO [12-06|17:07:54.008] started                                  name=Generator4
INFO [12-06|17:07:54.008] started                                  name=Generator5
INFO [12-06|17:07:54.008] started                                  name=Generator6
INFO [12-06|17:07:54.012] started                                  name=Generator7
INFO [12-06|17:07:54.014] Started                                  name=Feedback
INFO [12-06|17:07:54.015] Started                                  name=Threads
INFO [12-06|17:07:54.016] Regular tx                               name=Generator7 from=58500 to=58501 amount=1000000000000 nonce=0
INFO [12-06|17:07:54.014] Regular tx                               name=Generator3 from=48500 to=48501 amount=1000000000000 nonce=0
INFO [12-06|17:07:54.015] Regular tx                               name=Generator4 from=51000 to=51001 amount=1000000000000 nonce=0
INFO [12-06|17:07:54.011] Regular tx                               name=Generator2 from=46000 to=46001 amount=1000000000000 nonce=0
INFO [12-06|17:07:54.012] Regular tx                               name=Generator0 from=41000 to=41001 amount=1000000000000 nonce=0
INFO [12-06|17:07:54.017] Regular tx                               name=Generator6 from=56000 to=56001 amount=1000000000000 nonce=0
INFO [12-06|17:07:54.017] metrics server                           module=prometheus err="listen tcp :19090: bind: address already in use"
INFO [12-06|17:07:54.018] Regular tx                               name=Generator5 from=53500 to=53501 amount=1000000000000 nonce=0
INFO [12-06|17:07:54.020] Regular tx                               name=Generator1 from=43500 to=43501 amount=1000000000000 nonce=0
INFO [12-06|17:07:54.020] Regular tx                               name=Generator7 from=58501 to=58502 amount=1000000000000 nonce=0
INFO [12-06|17:07:54.021] Regular tx                               name=Generator3 from=48501 to=48502 amount=1000000000000 nonce=0
DEBUG[12-06|17:07:54.021] tps limit                                name=Threads    timeout=986.466816ms
INFO [12-06|17:07:54.022] Regular tx                               name=Generator4 from=51001 to=51002 amount=1000000000000 nonce=0
INFO [12-06|17:07:54.022] Regular tx                               name=Generator2 from=46001 to=46002 amount=1000000000000 nonce=0
INFO [12-06|17:07:54.023] Regular tx                               name=Generator0 from=41001 to=41002 amount=1000000000000 nonce=0
INFO [12-06|17:07:54.023] metrics server is stopped                module=prometheus
INFO [12-06|17:07:54.023] Regular tx                               name=Generator6 from=56001 to=56002 amount=1000000000000 nonce=0
INFO [12-06|17:07:54.023] Regular tx                               name=Generator5 from=53501 to=53502 amount=1000000000000 nonce=0
INFO [12-06|17:07:54.023] Regular tx                               name=Generator1 from=43501 to=43502 amount=1000000000000 nonce=0
INFO [12-06|17:07:54.023] Regular tx                               name=Generator7 from=58502 to=58503 amount=1000000000000 nonce=0
INFO [12-06|17:07:54.024] Regular tx                               name=Generator3 from=48502 to=48503 amount=1000000000000 nonce=0
INFO [12-06|17:07:54.024] Regular tx                               name=Generator4 from=51002 to=51003 amount=1000000000000 nonce=0
INFO [12-06|17:07:54.024] Regular tx                               name=Generator2 from=46002 to=46003 amount=1000000000000 nonce=0
INFO [12-06|17:07:54.025] Regular tx                               name=Generator0 from=41002 to=41003 amount=1000000000000 nonce=0
INFO [12-06|17:07:54.026] Regular tx                               name=Generator3 from=48503 to=48504 amount=1000000000000 nonce=0
INFO [12-06|17:07:54.025] Regular tx                               name=Generator6 from=56002 to=56003 amount=1000000000000 nonce=0
INFO [12-06|17:07:54.025] Regular tx                               name=Generator5 from=53502 to=53503 amount=1000000000000 nonce=0
INFO [12-06|17:07:54.025] Regular tx                               name=Generator1 from=43502 to=43503 amount=1000000000000 nonce=0
INFO [12-06|17:07:54.025] Regular tx                               name=Generator7 from=58503 to=58504 amount=1000000000000 nonce=0
ERROR[12-06|17:07:54.039] Tx sending err                           name=Sender0    info=58500-->58501 amount=1000000000000 cause="insufficient funds for gas * price + value" nonce=0
INFO [12-06|17:07:55.013] Regular tx                               name=Generator4 from=51003 to=51004 amount=1000000000000 nonce=0
INFO [12-06|17:07:55.013] Regular tx                               name=Generator2 from=46003 to=46004 amount=1000000000000 nonce=0
ERROR[12-06|17:07:55.023] HeaderByNumber                           name=Feedback   err="missing required field 'gasUsed' for Header"
ERROR[12-06|17:07:56.027] HeaderByNumber                           name=Feedback   err="missing required field 'gasUsed' for Header"
ERROR[12-06|17:07:57.029] HeaderByNumber                           name=Feedback   err="missing required field 'gasUsed' for Header"
ERROR[12-06|17:07:58.031] HeaderByNumber                           name=Feedback   err="missing required field 'gasUsed' for Header"
ERROR[12-06|17:07:59.034] HeaderByNumber                           name=Feedback   err="missing required field 'gasUsed' for Header"
ERROR[12-06|17:08:00.040] HeaderByNumber                           name=Feedback   err="missing required field 'gasUsed' for Header"
ERROR[12-06|17:08:01.045] HeaderByNumber                           name=Feedback   err="missing required field 'gasUsed' for Header"
ERROR[12-06|17:08:02.047] HeaderByNumber                           name=Feedback   err="missing required field 'gasUsed' for Header"
ERROR[12-06|17:08:03.052] HeaderByNumber                           name=Feedback   err="missing required field 'gasUsed' for Header"
ERROR[12-06|17:08:04.055] HeaderByNumber                           name=Feedback   err="missing required field 'gasUsed' for Header"
ERROR[12-06|17:08:05.063] HeaderByNumber                           name=Feedback   err="missing required field 'gasUsed' for Header"
ERROR[12-06|17:08:06.069] HeaderByNumber                           name=Feedback   err="missing required field 'gasUsed' for Header"
ERROR[12-06|17:08:07.072] HeaderByNumber                           name=Feedback   err="missing required field 'gasUsed' for Header"
ERROR[12-06|17:08:08.075] HeaderByNumber                           name=Feedback   err="missing required field 'gasUsed' for Header"
ERROR[12-06|17:08:09.082] HeaderByNumber                           name=Feedback   err="missing required field 'gasUsed' for Header"
ERROR[12-06|17:08:10.090] HeaderByNumber                           name=Feedback   err="missing required field 'gasUsed' for Header"
ERROR[12-06|17:08:11.093] HeaderByNumber                           name=Feedback   err="missing required field 'gasUsed' for Header"
ERROR[12-06|17:08:12.097] HeaderByNumber                           name=Feedback   err="missing required field 'gasUsed' for Header"
ERROR[12-06|17:08:13.099] HeaderByNumber                           name=Feedback   err="missing required field 'gasUsed' for Header"
ERROR[12-06|17:08:14.101] HeaderByNumber                           name=Feedback   err="missing required field 'gasUsed' for Header"
ERROR[12-06|17:08:15.104] HeaderByNumber                           name=Feedback   err="missing required field 'gasUsed' for Header"
ERROR[12-06|17:08:16.109] HeaderByNumber                           name=Feedback   err="missing required field 'gasUsed' for Header"
ERROR[12-06|17:08:17.114] HeaderByNumber                           name=Feedback   err="missing required field 'gasUsed' for Header"
ERROR[12-06|17:08:18.119] HeaderByNumber                           name=Feedback   err="missing required field 'gasUsed' for Header"
ERROR[12-06|17:08:19.123] HeaderByNumber                           name=Feedback   err="missing required field 'gasUsed' for Header"
ERROR[12-06|17:08:20.128] HeaderByNumber                           name=Feedback   err="missing required field 'gasUsed' for Header"
ERROR[12-06|17:08:21.133] HeaderByNumber                           name=Feedback   err="missing required field 'gasUsed' for Header"
ERROR[12-06|17:08:22.137] HeaderByNumber                           name=Feedback   err="missing required field 'gasUsed' for Header"
ERROR[12-06|17:08:23.142] HeaderByNumber                           name=Feedback   err="missing required field 'gasUsed' for Header"
ERROR[12-06|17:08:24.148] HeaderByNumber                           name=Feedback   err="missing required field 'gasUsed' for Header"
ERROR[12-06|17:08:25.155] HeaderByNumber                           name=Feedback   err="missing required field 'gasUsed' for Header"
ERROR[12-06|17:08:26.156] HeaderByNumber                           name=Feedback   err="missing required field 'gasUsed' for Header"
ERROR[12-06|17:08:27.163] HeaderByNumber                           name=Feedback   err="missing required field 'gasUsed' for Header"
ERROR[12-06|17:08:28.169] HeaderByNumber                           name=Feedback   err="missing required field 'gasUsed' for Header"
ERROR[12-06|17:08:29.175] HeaderByNumber                           name=Feedback   err="missing required field 'gasUsed' for Header"
ERROR[12-06|17:08:30.179] HeaderByNumber                           name=Feedback   err="missing required field 'gasUsed' for Header"
ERROR[12-06|17:08:31.187] HeaderByNumber                           name=Feedback   err="missing required field 'gasUsed' for Header"
ERROR[12-06|17:08:32.193] HeaderByNumber                           name=Feedback   err="missing required field 'gasUsed' for Header"
ERROR[12-06|17:08:33.197] HeaderByNumber                           name=Feedback   err="missing required field 'gasUsed' for Header"
ERROR[12-06|17:08:34.204] HeaderByNumber                           name=Feedback   err="missing required field 'gasUsed' for Header"
ERROR[12-06|17:08:35.212] HeaderByNumber                           name=Feedback   err="missing required field 'gasUsed' for Header"
ERROR[12-06|17:08:36.218] HeaderByNumber                           name=Feedback   err="missing required field 'gasUsed' for Header"
ERROR[12-06|17:08:37.251] HeaderByNumber                           name=Feedback   err="missing required field 'gasUsed' for Header"
ERROR[12-06|17:08:38.257] HeaderByNumber                           name=Feedback   err="missing required field 'gasUsed' for Header"
ERROR[12-06|17:08:39.262] HeaderByNumber                           name=Feedback   err="missing required field 'gasUsed' for Header"
ERROR[12-06|17:08:40.267] HeaderByNumber                           name=Feedback   err="missing required field 'gasUsed' for Header"
ERROR[12-06|17:08:41.273] HeaderByNumber                           name=Feedback   err="missing required field 'gasUsed' for Header"
ERROR[12-06|17:08:42.276] HeaderByNumber                           name=Feedback   err="missing required field 'gasUsed' for Header"
ERROR[12-06|17:08:43.280] HeaderByNumber                           name=Feedback   err="missing required field 'gasUsed' for Header"
ERROR[12-06|17:08:44.286] HeaderByNumber                           name=Feedback   err="missing required field 'gasUsed' for Header"
ERROR[12-06|17:08:45.289] HeaderByNumber                           name=Feedback   err="missing required field 'gasUsed' for Header"
ERROR[12-06|17:08:46.295] HeaderByNumber                           name=Feedback   err="missing required field 'gasUsed' for Header"
ERROR[12-06|17:08:47.298] HeaderByNumber                           name=Feedback   err="missing required field 'gasUsed' for Header"
ERROR[12-06|17:08:48.304] HeaderByNumber                           name=Feedback   err="missing required field 'gasUsed' for Header"
ERROR[12-06|17:08:49.305] HeaderByNumber                           name=Feedback   err="missing required field 'gasUsed' for Header"
ERROR[12-06|17:08:50.313] HeaderByNumber                           name=Feedback   err="missing required field 'gasUsed' for Header"
ERROR[12-06|17:08:51.317] HeaderByNumber                           name=Feedback   err="missing required field 'gasUsed' for Header"
ERROR[12-06|17:08:52.324] HeaderByNumber                           name=Feedback   err="missing required field 'gasUsed' for Header"
ERROR[12-06|17:08:53.328] HeaderByNumber                           name=Feedback   err="missing required field 'gasUsed' for Header"
ERROR[12-06|17:08:54.335] HeaderByNumber                           name=Feedback   err="missing required field 'gasUsed' for Header"
ERROR[12-06|17:08:55.340] HeaderByNumber                           name=Feedback   err="missing required field 'gasUsed' for Header"
ERROR[12-06|17:08:56.346] HeaderByNumber                           name=Feedback   err="missing required field 'gasUsed' for Header"
ERROR[12-06|17:08:57.350] HeaderByNumber                           name=Feedback   err="missing required field 'gasUsed' for Header"
ERROR[12-06|17:08:58.354] HeaderByNumber                           name=Feedback   err="missing required field 'gasUsed' for Header"
ERROR[12-06|17:08:59.359] HeaderByNumber                           name=Feedback   err="missing required field 'gasUsed' for Header"
ERROR[12-06|17:09:00.368] HeaderByNumber                           name=Feedback   err="missing required field 'gasUsed' for Header"
ERROR[12-06|17:09:01.371] HeaderByNumber                           name=Feedback   err="missing required field 'gasUsed' for Header"
ERROR[12-06|17:09:02.376] HeaderByNumber                           name=Feedback   err="missing required field 'gasUsed' for Header"
ERROR[12-06|17:09:03.377] HeaderByNumber                           name=Feedback   err="missing required field 'gasUsed' for Header"
ERROR[12-06|17:09:04.384] HeaderByNumber                           name=Feedback   err="missing required field 'gasUsed' for Header"
ERROR[12-06|17:09:05.390] HeaderByNumber                           name=Feedback   err="missing required field 'gasUsed' for Header"
ERROR[12-06|17:09:06.391] HeaderByNumber                           name=Feedback   err="missing required field 'gasUsed' for Header"
ERROR[12-06|17:09:07.400] HeaderByNumber                           name=Feedback   err="missing required field 'gasUsed' for Header"
ERROR[12-06|17:09:08.408] HeaderByNumber                           name=Feedback   err="missing required field 'gasUsed' for Header"
ERROR[12-06|17:09:09.414] HeaderByNumber                           name=Feedback   err="missing required field 'gasUsed' for Header"
ERROR[12-06|17:09:10.420] HeaderByNumber                           name=Feedback   err="missing required field 'gasUsed' for Header"
ERROR[12-06|17:09:11.426] HeaderByNumber                           name=Feedback   err="missing required field 'gasUsed' for Header"
ERROR[12-06|17:09:12.430] HeaderByNumber                           name=Feedback   err="missing required field 'gasUsed' for Header"
ERROR[12-06|17:09:13.436] HeaderByNumber                           name=Feedback   err="missing required field 'gasUsed' for Header"
ERROR[12-06|17:09:14.440] HeaderByNumber                           name=Feedback   err="missing required field 'gasUsed' for Header"
ERROR[12-06|17:09:15.446] HeaderByNumber                           name=Feedback   err="missing required field 'gasUsed' for Header"
ERROR[12-06|17:09:16.454] HeaderByNumber                           name=Feedback   err="missing required field 'gasUsed' for Header"
ERROR[12-06|17:09:17.457] HeaderByNumber                           name=Feedback   err="missing required field 'gasUsed' for Header"
ERROR[12-06|17:09:18.461] HeaderByNumber                           name=Feedback   err="missing required field 'gasUsed' for Header"
ERROR[12-06|17:09:19.465] HeaderByNumber                           name=Feedback   err="missing required field 'gasUsed' for Header"
ERROR[12-06|17:09:20.472] HeaderByNumber                           name=Feedback   err="missing required field 'gasUsed' for Header"
ERROR[12-06|17:09:21.476] HeaderByNumber                           name=Feedback   err="missing required field 'gasUsed' for Header"
ERROR[12-06|17:09:22.480] HeaderByNumber                           name=Feedback   err="missing required field 'gasUsed' for Header"
ERROR[12-06|17:09:23.487] HeaderByNumber                           name=Feedback   err="missing required field 'gasUsed' for Header"
ERROR[12-06|17:09:24.495] HeaderByNumber                           name=Feedback   err="missing required field 'gasUsed' for Header"
ERROR[12-06|17:09:25.500] HeaderByNumber                           name=Feedback   err="missing required field 'gasUsed' for Header"
ERROR[12-06|17:09:26.506] HeaderByNumber                           name=Feedback   err="missing required field 'gasUsed' for Header"
ERROR[12-06|17:09:27.509] HeaderByNumber                           name=Feedback   err="missing required field 'gasUsed' for Header"
ERROR[12-06|17:09:28.516] HeaderByNumber                           name=Feedback   err="missing required field 'gasUsed' for Header"
ERROR[12-06|17:09:29.522] HeaderByNumber                           name=Feedback   err="missing required field 'gasUsed' for Header"
ERROR[12-06|17:09:30.526] HeaderByNumber                           name=Feedback   err="missing required field 'gasUsed' for Header"
ERROR[12-06|17:09:31.532] HeaderByNumber                           name=Feedback   err="missing required field 'gasUsed' for Header"
ERROR[12-06|17:09:32.539] HeaderByNumber                           name=Feedback   err="missing required field 'gasUsed' for Header"
ERROR[12-06|17:09:33.543] HeaderByNumber                           name=Feedback   err="missing required field 'gasUsed' for Header"
ERROR[12-06|17:09:34.549] HeaderByNumber                           name=Feedback   err="missing required field 'gasUsed' for Header"
ERROR[12-06|17:09:35.550] HeaderByNumber                           name=Feedback   err="missing required field 'gasUsed' for Header"
ERROR[12-06|17:09:36.556] HeaderByNumber                           name=Feedback   err="missing required field 'gasUsed' for Header"
ERROR[12-06|17:09:37.559] HeaderByNumber                           name=Feedback   err="missing required field 'gasUsed' for Header"
ERROR[12-06|17:09:38.565] HeaderByNumber                           name=Feedback   err="missing required field 'gasUsed' for Header"
ERROR[12-06|17:09:39.569] HeaderByNumber                           name=Feedback   err="missing required field 'gasUsed' for Header"
ERROR[12-06|17:09:40.575] HeaderByNumber                           name=Feedback   err="missing required field 'gasUsed' for Header"
ERROR[12-06|17:09:41.580] HeaderByNumber                           name=Feedback   err="missing required field 'gasUsed' for Header"
ERROR[12-06|17:09:42.587] HeaderByNumber                           name=Feedback   err="missing required field 'gasUsed' for Header"
ERROR[12-06|17:09:43.593] HeaderByNumber                           name=Feedback   err="missing required field 'gasUsed' for Header"
