INFO [12-06|17:07:54.004] metric to prometheus                     module=prometheus metric=tx_latency
INFO [12-06|17:07:54.005] metric to prometheus                     module=prometheus metric=tx_count_sent
INFO [12-06|17:07:54.005] metric to prometheus                     module=prometheus metric=tx_count_got
INFO [12-06|17:07:54.005] Will use                                 accounts=20000 from=61000 to=81000
INFO [12-06|17:07:54.005] metrics server starts                    module=prometheus endpoint=:19090
INFO [12-06|17:07:54.006] Will use                                 accounts=2500  from=61000 to=63500
INFO [12-06|17:07:54.006] Will use                                 accounts=2500  from=63500 to=66000
INFO [12-06|17:07:54.006] Will use                                 accounts=2500  from=66000 to=68500
INFO [12-06|17:07:54.006] Will use                                 accounts=2500  from=68500 to=71000
INFO [12-06|17:07:54.006] Will use                                 accounts=2500  from=71000 to=73500
INFO [12-06|17:07:54.007] Will use                                 accounts=2500  from=73500 to=76000
INFO [12-06|17:07:54.007] Will use                                 accounts=2500  from=76000 to=78500
INFO [12-06|17:07:54.007] Will use                                 accounts=2500  from=78500 to=81000
INFO [12-06|17:07:54.007] Started                                  name=Sender0
INFO [12-06|17:07:54.007] Started                                  name=Sender1
INFO [12-06|17:07:54.007] Started                                  name=Sender2
INFO [12-06|17:07:54.007] Started                                  name=Sender3
INFO [12-06|17:07:54.007] Started                                  name=Sender4
INFO [12-06|17:07:54.007] Started                                  name=Sender5
INFO [12-06|17:07:54.008] Started                                  name=Sender6
INFO [12-06|17:07:54.008] Started                                  name=Sender7
INFO [12-06|17:07:54.008] Started                                  name=Sender8
INFO [12-06|17:07:54.008] Started                                  name=Sender9
INFO [12-06|17:07:54.008] started                                  name=Generator0
INFO [12-06|17:07:54.008] started                                  name=Generator1
INFO [12-06|17:07:54.008] started                                  name=Generator2
INFO [12-06|17:07:54.008] started                                  name=Generator3
INFO [12-06|17:07:54.008] started                                  name=Generator4
INFO [12-06|17:07:54.008] started                                  name=Generator5
INFO [12-06|17:07:54.008] started                                  name=Generator6
INFO [12-06|17:07:54.012] started                                  name=Generator7
INFO [12-06|17:07:54.013] Started                                  name=Feedback
INFO [12-06|17:07:54.015] Started                                  name=Threads
INFO [12-06|17:07:54.011] Regular tx                               name=Generator4 from=71000 to=71001 amount=1000000000000 nonce=0
INFO [12-06|17:07:54.017] Regular tx                               name=Generator4 from=71001 to=71002 amount=1000000000000 nonce=0
INFO [12-06|17:07:54.014] Regular tx                               name=Generator3 from=68500 to=68501 amount=1000000000000 nonce=0
INFO [12-06|17:07:54.013] Regular tx                               name=Generator1 from=63500 to=63501 amount=1000000000000 nonce=0
INFO [12-06|17:07:54.016] Regular tx                               name=Generator7 from=78500 to=78501 amount=1000000000000 nonce=0
INFO [12-06|17:07:54.011] Regular tx                               name=Generator5 from=73500 to=73501 amount=1000000000000 nonce=0
INFO [12-06|17:07:54.011] Regular tx                               name=Generator0 from=61000 to=61001 amount=1000000000000 nonce=0
INFO [12-06|17:07:54.011] Regular tx                               name=Generator2 from=66000 to=66001 amount=1000000000000 nonce=0
INFO [12-06|17:07:54.012] Regular tx                               name=Generator6 from=76000 to=76001 amount=1000000000000 nonce=0
INFO [12-06|17:07:54.021] metrics server                           module=prometheus err="listen tcp :19090: bind: address already in use"
DEBUG[12-06|17:07:54.024] tps limit                                name=Threads    timeout=984.063238ms
INFO [12-06|17:07:54.024] Regular tx                               name=Generator4 from=71002 to=71003 amount=1000000000000 nonce=0
INFO [12-06|17:07:54.024] Regular tx                               name=Generator3 from=68501 to=68502 amount=1000000000000 nonce=0
INFO [12-06|17:07:54.024] Regular tx                               name=Generator1 from=63501 to=63502 amount=1000000000000 nonce=0
INFO [12-06|17:07:54.024] Regular tx                               name=Generator7 from=78501 to=78502 amount=1000000000000 nonce=0
INFO [12-06|17:07:54.025] Regular tx                               name=Generator5 from=73501 to=73502 amount=1000000000000 nonce=0
INFO [12-06|17:07:54.025] Regular tx                               name=Generator0 from=61001 to=61002 amount=1000000000000 nonce=0
INFO [12-06|17:07:54.026] Regular tx                               name=Generator2 from=66001 to=66002 amount=1000000000000 nonce=0
INFO [12-06|17:07:54.026] metrics server is stopped                module=prometheus
INFO [12-06|17:07:54.026] Regular tx                               name=Generator6 from=76001 to=76002 amount=1000000000000 nonce=0
INFO [12-06|17:07:54.027] Regular tx                               name=Generator4 from=71003 to=71004 amount=1000000000000 nonce=0
INFO [12-06|17:07:54.027] Regular tx                               name=Generator3 from=68502 to=68503 amount=1000000000000 nonce=0
INFO [12-06|17:07:54.028] Regular tx                               name=Generator1 from=63502 to=63503 amount=1000000000000 nonce=0
INFO [12-06|17:07:54.028] Regular tx                               name=Generator7 from=78502 to=78503 amount=1000000000000 nonce=0
INFO [12-06|17:07:54.028] Regular tx                               name=Generator5 from=73502 to=73503 amount=1000000000000 nonce=0
INFO [12-06|17:07:54.028] Regular tx                               name=Generator2 from=66002 to=66003 amount=1000000000000 nonce=0
INFO [12-06|17:07:54.028] Regular tx                               name=Generator0 from=61002 to=61003 amount=1000000000000 nonce=0
INFO [12-06|17:07:54.029] Regular tx                               name=Generator6 from=76002 to=76003 amount=1000000000000 nonce=0
INFO [12-06|17:07:54.029] Regular tx                               name=Generator4 from=71004 to=71005 amount=1000000000000 nonce=0
ERROR[12-06|17:07:54.039] Tx sending err                           name=Sender1    info=71001-->71002 amount=1000000000000 cause="insufficient funds for gas * price + value" nonce=0
ERROR[12-06|17:07:54.039] Tx sending err                           name=Sender0    info=71000-->71001 amount=1000000000000 cause="insufficient funds for gas * price + value" nonce=0
INFO [12-06|17:07:55.013] Regular tx                               name=Generator7 from=78503 to=78504 amount=1000000000000 nonce=0
INFO [12-06|17:07:55.013] Regular tx                               name=Generator3 from=68503 to=68504 amount=1000000000000 nonce=0
INFO [12-06|17:07:55.014] Regular tx                               name=Generator1 from=63503 to=63504 amount=1000000000000 nonce=0
ERROR[12-06|17:07:55.028] HeaderByNumber                           name=Feedback   err="missing required field 'gasUsed' for Header"
ERROR[12-06|17:07:56.031] HeaderByNumber                           name=Feedback   err="missing required field 'gasUsed' for Header"
ERROR[12-06|17:07:57.033] HeaderByNumber                           name=Feedback   err="missing required field 'gasUsed' for Header"
ERROR[12-06|17:07:58.037] HeaderByNumber                           name=Feedback   err="missing required field 'gasUsed' for Header"
ERROR[12-06|17:07:59.039] HeaderByNumber                           name=Feedback   err="missing required field 'gasUsed' for Header"
ERROR[12-06|17:08:00.045] HeaderByNumber                           name=Feedback   err="missing required field 'gasUsed' for Header"
ERROR[12-06|17:08:01.046] HeaderByNumber                           name=Feedback   err="missing required field 'gasUsed' for Header"
ERROR[12-06|17:08:02.049] HeaderByNumber                           name=Feedback   err="missing required field 'gasUsed' for Header"
ERROR[12-06|17:08:03.054] HeaderByNumber                           name=Feedback   err="missing required field 'gasUsed' for Header"
ERROR[12-06|17:08:04.061] HeaderByNumber                           name=Feedback   err="missing required field 'gasUsed' for Header"
ERROR[12-06|17:08:05.066] HeaderByNumber                           name=Feedback   err="missing required field 'gasUsed' for Header"
ERROR[12-06|17:08:06.069] HeaderByNumber                           name=Feedback   err="missing required field 'gasUsed' for Header"
ERROR[12-06|17:08:07.072] HeaderByNumber                           name=Feedback   err="missing required field 'gasUsed' for Header"
ERROR[12-06|17:08:08.075] HeaderByNumber                           name=Feedback   err="missing required field 'gasUsed' for Header"
ERROR[12-06|17:08:09.082] HeaderByNumber                           name=Feedback   err="missing required field 'gasUsed' for Header"
ERROR[12-06|17:08:10.090] HeaderByNumber                           name=Feedback   err="missing required field 'gasUsed' for Header"
ERROR[12-06|17:08:11.093] HeaderByNumber                           name=Feedback   err="missing required field 'gasUsed' for Header"
ERROR[12-06|17:08:12.098] HeaderByNumber                           name=Feedback   err="missing required field 'gasUsed' for Header"
ERROR[12-06|17:08:13.100] HeaderByNumber                           name=Feedback   err="missing required field 'gasUsed' for Header"
ERROR[12-06|17:08:14.101] HeaderByNumber                           name=Feedback   err="missing required field 'gasUsed' for Header"
ERROR[12-06|17:08:15.105] HeaderByNumber                           name=Feedback   err="missing required field 'gasUsed' for Header"
ERROR[12-06|17:08:16.108] HeaderByNumber                           name=Feedback   err="missing required field 'gasUsed' for Header"
ERROR[12-06|17:08:17.114] HeaderByNumber                           name=Feedback   err="missing required field 'gasUsed' for Header"
ERROR[12-06|17:08:18.119] HeaderByNumber                           name=Feedback   err="missing required field 'gasUsed' for Header"
ERROR[12-06|17:08:19.122] HeaderByNumber                           name=Feedback   err="missing required field 'gasUsed' for Header"
ERROR[12-06|17:08:20.128] HeaderByNumber                           name=Feedback   err="missing required field 'gasUsed' for Header"
ERROR[12-06|17:08:21.133] HeaderByNumber                           name=Feedback   err="missing required field 'gasUsed' for Header"
ERROR[12-06|17:08:22.137] HeaderByNumber                           name=Feedback   err="missing required field 'gasUsed' for Header"
ERROR[12-06|17:08:23.141] HeaderByNumber                           name=Feedback   err="missing required field 'gasUsed' for Header"
ERROR[12-06|17:08:24.148] HeaderByNumber                           name=Feedback   err="missing required field 'gasUsed' for Header"
ERROR[12-06|17:08:25.155] HeaderByNumber                           name=Feedback   err="missing required field 'gasUsed' for Header"
ERROR[12-06|17:08:26.156] HeaderByNumber                           name=Feedback   err="missing required field 'gasUsed' for Header"
ERROR[12-06|17:08:27.163] HeaderByNumber                           name=Feedback   err="missing required field 'gasUsed' for Header"
ERROR[12-06|17:08:28.169] HeaderByNumber                           name=Feedback   err="missing required field 'gasUsed' for Header"
ERROR[12-06|17:08:29.176] HeaderByNumber                           name=Feedback   err="missing required field 'gasUsed' for Header"
ERROR[12-06|17:08:30.180] HeaderByNumber                           name=Feedback   err="missing required field 'gasUsed' for Header"
ERROR[12-06|17:08:31.186] HeaderByNumber                           name=Feedback   err="missing required field 'gasUsed' for Header"
ERROR[12-06|17:08:32.194] HeaderByNumber                           name=Feedback   err="missing required field 'gasUsed' for Header"
ERROR[12-06|17:08:33.198] HeaderByNumber                           name=Feedback   err="missing required field 'gasUsed' for Header"
ERROR[12-06|17:08:34.204] HeaderByNumber                           name=Feedback   err="missing required field 'gasUsed' for Header"
ERROR[12-06|17:08:35.212] HeaderByNumber                           name=Feedback   err="missing required field 'gasUsed' for Header"
ERROR[12-06|17:08:36.218] HeaderByNumber                           name=Feedback   err="missing required field 'gasUsed' for Header"
ERROR[12-06|17:08:37.252] HeaderByNumber                           name=Feedback   err="missing required field 'gasUsed' for Header"
ERROR[12-06|17:08:38.256] HeaderByNumber                           name=Feedback   err="missing required field 'gasUsed' for Header"
ERROR[12-06|17:08:39.262] HeaderByNumber                           name=Feedback   err="missing required field 'gasUsed' for Header"
ERROR[12-06|17:08:40.267] HeaderByNumber                           name=Feedback   err="missing required field 'gasUsed' for Header"
ERROR[12-06|17:08:41.274] HeaderByNumber                           name=Feedback   err="missing required field 'gasUsed' for Header"
ERROR[12-06|17:08:42.281] HeaderByNumber                           name=Feedback   err="missing required field 'gasUsed' for Header"
ERROR[12-06|17:08:43.286] HeaderByNumber                           name=Feedback   err="missing required field 'gasUsed' for Header"
ERROR[12-06|17:08:44.290] HeaderByNumber                           name=Feedback   err="missing required field 'gasUsed' for Header"
ERROR[12-06|17:08:45.297] HeaderByNumber                           name=Feedback   err="missing required field 'gasUsed' for Header"
ERROR[12-06|17:08:46.300] HeaderByNumber                           name=Feedback   err="missing required field 'gasUsed' for Header"
ERROR[12-06|17:08:47.306] HeaderByNumber                           name=Feedback   err="missing required field 'gasUsed' for Header"
ERROR[12-06|17:08:48.314] HeaderByNumber                           name=Feedback   err="missing required field 'gasUsed' for Header"
ERROR[12-06|17:08:49.317] HeaderByNumber                           name=Feedback   err="missing required field 'gasUsed' for Header"
ERROR[12-06|17:08:50.323] HeaderByNumber                           name=Feedback   err="missing required field 'gasUsed' for Header"
ERROR[12-06|17:08:51.327] HeaderByNumber                           name=Feedback   err="missing required field 'gasUsed' for Header"
ERROR[12-06|17:08:52.331] HeaderByNumber                           name=Feedback   err="missing required field 'gasUsed' for Header"
ERROR[12-06|17:08:53.333] HeaderByNumber                           name=Feedback   err="missing required field 'gasUsed' for Header"
ERROR[12-06|17:08:54.339] HeaderByNumber                           name=Feedback   err="missing required field 'gasUsed' for Header"
ERROR[12-06|17:08:55.341] HeaderByNumber                           name=Feedback   err="missing required field 'gasUsed' for Header"
ERROR[12-06|17:08:56.347] HeaderByNumber                           name=Feedback   err="missing required field 'gasUsed' for Header"
ERROR[12-06|17:08:57.351] HeaderByNumber                           name=Feedback   err="missing required field 'gasUsed' for Header"
ERROR[12-06|17:08:58.354] HeaderByNumber                           name=Feedback   err="missing required field 'gasUsed' for Header"
ERROR[12-06|17:08:59.359] HeaderByNumber                           name=Feedback   err="missing required field 'gasUsed' for Header"
ERROR[12-06|17:09:00.366] HeaderByNumber                           name=Feedback   err="missing required field 'gasUsed' for Header"
ERROR[12-06|17:09:01.372] HeaderByNumber                           name=Feedback   err="missing required field 'gasUsed' for Header"
ERROR[12-06|17:09:02.377] HeaderByNumber                           name=Feedback   err="missing required field 'gasUsed' for Header"
ERROR[12-06|17:09:03.378] HeaderByNumber                           name=Feedback   err="missing required field 'gasUsed' for Header"
ERROR[12-06|17:09:04.384] HeaderByNumber                           name=Feedback   err="missing required field 'gasUsed' for Header"
ERROR[12-06|17:09:05.390] HeaderByNumber                           name=Feedback   err="missing required field 'gasUsed' for Header"
ERROR[12-06|17:09:06.391] HeaderByNumber                           name=Feedback   err="missing required field 'gasUsed' for Header"
ERROR[12-06|17:09:07.398] HeaderByNumber                           name=Feedback   err="missing required field 'gasUsed' for Header"
ERROR[12-06|17:09:08.405] HeaderByNumber                           name=Feedback   err="missing required field 'gasUsed' for Header"
ERROR[12-06|17:09:09.414] HeaderByNumber                           name=Feedback   err="missing required field 'gasUsed' for Header"
ERROR[12-06|17:09:10.422] HeaderByNumber                           name=Feedback   err="missing required field 'gasUsed' for Header"
ERROR[12-06|17:09:11.424] HeaderByNumber                           name=Feedback   err="missing required field 'gasUsed' for Header"
ERROR[12-06|17:09:12.430] HeaderByNumber                           name=Feedback   err="missing required field 'gasUsed' for Header"
ERROR[12-06|17:09:13.436] HeaderByNumber                           name=Feedback   err="missing required field 'gasUsed' for Header"
ERROR[12-06|17:09:14.441] HeaderByNumber                           name=Feedback   err="missing required field 'gasUsed' for Header"
ERROR[12-06|17:09:15.446] HeaderByNumber                           name=Feedback   err="missing required field 'gasUsed' for Header"
ERROR[12-06|17:09:16.455] HeaderByNumber                           name=Feedback   err="missing required field 'gasUsed' for Header"
ERROR[12-06|17:09:17.458] HeaderByNumber                           name=Feedback   err="missing required field 'gasUsed' for Header"
ERROR[12-06|17:09:18.464] HeaderByNumber                           name=Feedback   err="missing required field 'gasUsed' for Header"
ERROR[12-06|17:09:19.470] HeaderByNumber                           name=Feedback   err="missing required field 'gasUsed' for Header"
ERROR[12-06|17:09:20.472] HeaderByNumber                           name=Feedback   err="missing required field 'gasUsed' for Header"
ERROR[12-06|17:09:21.476] HeaderByNumber                           name=Feedback   err="missing required field 'gasUsed' for Header"
ERROR[12-06|17:09:22.480] HeaderByNumber                           name=Feedback   err="missing required field 'gasUsed' for Header"
ERROR[12-06|17:09:23.488] HeaderByNumber                           name=Feedback   err="missing required field 'gasUsed' for Header"
ERROR[12-06|17:09:24.495] HeaderByNumber                           name=Feedback   err="missing required field 'gasUsed' for Header"
ERROR[12-06|17:09:25.500] HeaderByNumber                           name=Feedback   err="missing required field 'gasUsed' for Header"
ERROR[12-06|17:09:26.506] HeaderByNumber                           name=Feedback   err="missing required field 'gasUsed' for Header"
ERROR[12-06|17:09:27.509] HeaderByNumber                           name=Feedback   err="missing required field 'gasUsed' for Header"
ERROR[12-06|17:09:28.516] HeaderByNumber                           name=Feedback   err="missing required field 'gasUsed' for Header"
ERROR[12-06|17:09:29.523] HeaderByNumber                           name=Feedback   err="missing required field 'gasUsed' for Header"
ERROR[12-06|17:09:30.528] HeaderByNumber                           name=Feedback   err="missing required field 'gasUsed' for Header"
ERROR[12-06|17:09:31.532] HeaderByNumber                           name=Feedback   err="missing required field 'gasUsed' for Header"
ERROR[12-06|17:09:32.536] HeaderByNumber                           name=Feedback   err="missing required field 'gasUsed' for Header"
ERROR[12-06|17:09:33.543] HeaderByNumber                           name=Feedback   err="missing required field 'gasUsed' for Header"
ERROR[12-06|17:09:34.548] HeaderByNumber                           name=Feedback   err="missing required field 'gasUsed' for Header"
ERROR[12-06|17:09:35.552] HeaderByNumber                           name=Feedback   err="missing required field 'gasUsed' for Header"
ERROR[12-06|17:09:36.557] HeaderByNumber                           name=Feedback   err="missing required field 'gasUsed' for Header"
ERROR[12-06|17:09:37.564] HeaderByNumber                           name=Feedback   err="missing required field 'gasUsed' for Header"
ERROR[12-06|17:09:38.570] HeaderByNumber                           name=Feedback   err="missing required field 'gasUsed' for Header"
ERROR[12-06|17:09:39.574] HeaderByNumber                           name=Feedback   err="missing required field 'gasUsed' for Header"
ERROR[12-06|17:09:40.581] HeaderByNumber                           name=Feedback   err="missing required field 'gasUsed' for Header"
ERROR[12-06|17:09:41.587] HeaderByNumber                           name=Feedback   err="missing required field 'gasUsed' for Header"
ERROR[12-06|17:09:42.593] HeaderByNumber                           name=Feedback   err="missing required field 'gasUsed' for Header"
ERROR[12-06|17:09:43.599] HeaderByNumber                           name=Feedback   err="missing required field 'gasUsed' for Header"
