INFO [12-06|17:07:54.004] metric to prometheus                     module=prometheus metric=tx_count_sent
INFO [12-06|17:07:54.005] metric to prometheus                     module=prometheus metric=tx_count_got
INFO [12-06|17:07:54.005] metric to prometheus                     module=prometheus metric=tx_latency
INFO [12-06|17:07:54.005] metrics server starts                    module=prometheus endpoint=:19090
INFO [12-06|17:07:54.005] Will use                                 accounts=20000 from=81000 to=101000
INFO [12-06|17:07:54.006] Will use                                 accounts=2500  from=81000 to=83500
INFO [12-06|17:07:54.006] Will use                                 accounts=2500  from=83500 to=86000
INFO [12-06|17:07:54.007] Will use                                 accounts=2500  from=86000 to=88500
INFO [12-06|17:07:54.007] Will use                                 accounts=2500  from=88500 to=91000
INFO [12-06|17:07:54.007] Will use                                 accounts=2500  from=91000 to=93500
INFO [12-06|17:07:54.007] Will use                                 accounts=2500  from=93500 to=96000
INFO [12-06|17:07:54.007] Will use                                 accounts=2500  from=96000 to=98500
INFO [12-06|17:07:54.007] Will use                                 accounts=2500  from=98500 to=101000
INFO [12-06|17:07:54.007] Started                                  name=Sender0
INFO [12-06|17:07:54.007] Started                                  name=Sender1
INFO [12-06|17:07:54.007] Started                                  name=Sender2
INFO [12-06|17:07:54.007] Started                                  name=Sender3
INFO [12-06|17:07:54.007] Started                                  name=Sender4
INFO [12-06|17:07:54.007] Started                                  name=Sender5
INFO [12-06|17:07:54.008] Started                                  name=Sender6
INFO [12-06|17:07:54.008] Started                                  name=Sender7
INFO [12-06|17:07:54.009] Started                                  name=Sender8
INFO [12-06|17:07:54.009] Started                                  name=Sender9
INFO [12-06|17:07:54.009] started                                  name=Generator0
INFO [12-06|17:07:54.009] started                                  name=Generator1
INFO [12-06|17:07:54.009] started                                  name=Generator2
INFO [12-06|17:07:54.009] started                                  name=Generator3
INFO [12-06|17:07:54.009] started                                  name=Generator4
INFO [12-06|17:07:54.009] started                                  name=Generator5
INFO [12-06|17:07:54.009] started                                  name=Generator6
INFO [12-06|17:07:54.011] started                                  name=Generator7
INFO [12-06|17:07:54.012] Started                                  name=Feedback
INFO [12-06|17:07:54.012] Started                                  name=Threads
INFO [12-06|17:07:54.013] Regular tx                               name=Generator1 from=83500 to=83501  amount=1000000000000 nonce=0
INFO [12-06|17:07:54.014] Regular tx                               name=Generator1 from=83501 to=83502  amount=1000000000000 nonce=0
INFO [12-06|17:07:54.012] Regular tx                               name=Generator4 from=91000 to=91001  amount=1000000000000 nonce=0
INFO [12-06|17:07:54.012] Regular tx                               name=Generator3 from=88500 to=88501  amount=1000000000000 nonce=0
INFO [12-06|17:07:54.013] Regular tx                               name=Generator6 from=96000 to=96001  amount=1000000000000 nonce=0
INFO [12-06|17:07:54.012] Regular tx                               name=Generator0 from=81000 to=81001  amount=1000000000000 nonce=0
INFO [12-06|17:07:54.013] Regular tx                               name=Generator5 from=93500 to=93501  amount=1000000000000 nonce=0
INFO [12-06|17:07:54.016] Regular tx                               name=Generator7 from=98500 to=98501  amount=1000000000000 nonce=0
INFO [12-06|17:07:54.012] Regular tx                               name=Generator2 from=86000 to=86001  amount=1000000000000 nonce=0
INFO [12-06|17:07:54.016] Regular tx                               name=Generator1 from=83502 to=83503  amount=1000000000000 nonce=0
INFO [12-06|17:07:54.016] Regular tx                               name=Generator4 from=91001 to=91002  amount=1000000000000 nonce=0
DEBUG[12-06|17:07:54.016] tps limit                                name=Threads    timeout=992.618567ms
INFO [12-06|17:07:54.017] Regular tx                               name=Generator3 from=88501 to=88502  amount=1000000000000 nonce=0
INFO [12-06|17:07:54.017] Regular tx                               name=Generator6 from=96001 to=96002  amount=1000000000000 nonce=0
INFO [12-06|17:07:54.017] Regular tx                               name=Generator0 from=81001 to=81002  amount=1000000000000 nonce=0
INFO [12-06|17:07:54.017] Regular tx                               name=Generator5 from=93501 to=93502  amount=1000000000000 nonce=0
INFO [12-06|17:07:54.018] Regular tx                               name=Generator7 from=98501 to=98502  amount=1000000000000 nonce=0
INFO [12-06|17:07:54.018] Regular tx                               name=Generator2 from=86001 to=86002  amount=1000000000000 nonce=0
INFO [12-06|17:07:54.018] Regular tx                               name=Generator1 from=83503 to=83504  amount=1000000000000 nonce=0
INFO [12-06|17:07:54.018] Regular tx                               name=Generator4 from=91002 to=91003  amount=1000000000000 nonce=0
INFO [12-06|17:07:54.019] Regular tx                               name=Generator3 from=88502 to=88503  amount=1000000000000 nonce=0
INFO [12-06|17:07:54.019] Regular tx                               name=Generator6 from=96002 to=96003  amount=1000000000000 nonce=0
INFO [12-06|17:07:54.019] Regular tx                               name=Generator0 from=81002 to=81003  amount=1000000000000 nonce=0
INFO [12-06|17:07:54.020] Regular tx                               name=Generator5 from=93502 to=93503  amount=1000000000000 nonce=0
INFO [12-06|17:07:54.020] Regular tx                               name=Generator7 from=98502 to=98503  amount=1000000000000 nonce=0
INFO [12-06|17:07:54.020] metrics server                           module=prometheus err="listen tcp :19090: bind: address already in use"
INFO [12-06|17:07:54.020] Regular tx                               name=Generator2 from=86002 to=86003  amount=1000000000000 nonce=0
INFO [12-06|17:07:54.021] Regular tx                               name=Generator1 from=83504 to=83505  amount=1000000000000 nonce=0
INFO [12-06|17:07:54.021] metrics server is stopped                module=prometheus
ERROR[12-06|17:07:54.036] Tx sending err                           name=Sender1    info=83501-->83502 amount=1000000000000 cause="insufficient funds for gas * price + value" nonce=0
ERROR[12-06|17:07:54.037] Tx sending err                           name=Sender0    info=83500-->83501 amount=1000000000000 cause="insufficient funds for gas * price + value" nonce=0
INFO [12-06|17:07:55.017] Regular tx                               name=Generator4 from=91003 to=91004  amount=1000000000000 nonce=0
INFO [12-06|17:07:55.017] Regular tx                               name=Generator3 from=88503 to=88504  amount=1000000000000 nonce=0
INFO [12-06|17:07:55.017] Regular tx                               name=Generator6 from=96003 to=96004  amount=1000000000000 nonce=0
ERROR[12-06|17:07:55.023] HeaderByNumber                           name=Feedback   err="missing required field 'gasUsed' for Header"
ERROR[12-06|17:07:56.027] HeaderByNumber                           name=Feedback   err="missing required field 'gasUsed' for Header"
ERROR[12-06|17:07:57.029] HeaderByNumber                           name=Feedback   err="missing required field 'gasUsed' for Header"
ERROR[12-06|17:07:58.032] HeaderByNumber                           name=Feedback   err="missing required field 'gasUsed' for Header"
ERROR[12-06|17:07:59.036] HeaderByNumber                           name=Feedback   err="missing required field 'gasUsed' for Header"
ERROR[12-06|17:08:00.040] HeaderByNumber                           name=Feedback   err="missing required field 'gasUsed' for Header"
ERROR[12-06|17:08:01.046] HeaderByNumber                           name=Feedback   err="missing required field 'gasUsed' for Header"
ERROR[12-06|17:08:02.049] HeaderByNumber                           name=Feedback   err="missing required field 'gasUsed' for Header"
ERROR[12-06|17:08:03.054] HeaderByNumber                           name=Feedback   err="missing required field 'gasUsed' for Header"
ERROR[12-06|17:08:04.061] HeaderByNumber                           name=Feedback   err="missing required field 'gasUsed' for Header"
ERROR[12-06|17:08:05.066] HeaderByNumber                           name=Feedback   err="missing required field 'gasUsed' for Header"
ERROR[12-06|17:08:06.069] HeaderByNumber                           name=Feedback   err="missing required field 'gasUsed' for Header"
ERROR[12-06|17:08:07.071] HeaderByNumber                           name=Feedback   err="missing required field 'gasUsed' for Header"
ERROR[12-06|17:08:08.075] HeaderByNumber                           name=Feedback   err="missing required field 'gasUsed' for Header"
ERROR[12-06|17:08:09.084] HeaderByNumber                           name=Feedback   err="missing required field 'gasUsed' for Header"
ERROR[12-06|17:08:10.090] HeaderByNumber                           name=Feedback   err="missing required field 'gasUsed' for Header"
ERROR[12-06|17:08:11.093] HeaderByNumber                           name=Feedback   err="missing required field 'gasUsed' for Header"
ERROR[12-06|17:08:12.098] HeaderByNumber                           name=Feedback   err="missing required field 'gasUsed' for Header"
ERROR[12-06|17:08:13.100] HeaderByNumber                           name=Feedback   err="missing required field 'gasUsed' for Header"
ERROR[12-06|17:08:14.101] HeaderByNumber                           name=Feedback   err="missing required field 'gasUsed' for Header"
ERROR[12-06|17:08:15.105] HeaderByNumber                           name=Feedback   err="missing required field 'gasUsed' for Header"
ERROR[12-06|17:08:16.109] HeaderByNumber                           name=Feedback   err="missing required field 'gasUsed' for Header"
ERROR[12-06|17:08:17.114] HeaderByNumber                           name=Feedback   err="missing required field 'gasUsed' for Header"
ERROR[12-06|17:08:18.119] HeaderByNumber                           name=Feedback   err="missing required field 'gasUsed' for Header"
ERROR[12-06|17:08:19.122] HeaderByNumber                           name=Feedback   err="missing required field 'gasUsed' for Header"
ERROR[12-06|17:08:20.124] HeaderByNumber                           name=Feedback   err="missing required field 'gasUsed' for Header"
ERROR[12-06|17:08:21.132] HeaderByNumber                           name=Feedback   err="missing required field 'gasUsed' for Header"
ERROR[12-06|17:08:22.136] HeaderByNumber                           name=Feedback   err="missing required field 'gasUsed' for Header"
ERROR[12-06|17:08:23.142] HeaderByNumber                           name=Feedback   err="missing required field 'gasUsed' for Header"
ERROR[12-06|17:08:24.148] HeaderByNumber                           name=Feedback   err="missing required field 'gasUsed' for Header"
ERROR[12-06|17:08:25.155] HeaderByNumber                           name=Feedback   err="missing required field 'gasUsed' for Header"
ERROR[12-06|17:08:26.158] HeaderByNumber                           name=Feedback   err="missing required field 'gasUsed' for Header"
ERROR[12-06|17:08:27.164] HeaderByNumber                           name=Feedback   err="missing required field 'gasUsed' for Header"
ERROR[12-06|17:08:28.169] HeaderByNumber                           name=Feedback   err="missing required field 'gasUsed' for Header"
ERROR[12-06|17:08:29.175] HeaderByNumber                           name=Feedback   err="missing required field 'gasUsed' for Header"
ERROR[12-06|17:08:30.179] HeaderByNumber                           name=Feedback   err="missing required field 'gasUsed' for Header"
ERROR[12-06|17:08:31.187] HeaderByNumber                           name=Feedback   err="missing required field 'gasUsed' for Header"
ERROR[12-06|17:08:32.193] HeaderByNumber                           name=Feedback   err="missing required field 'gasUsed' for Header"
ERROR[12-06|17:08:33.198] HeaderByNumber                           name=Feedback   err="missing required field 'gasUsed' for Header"
ERROR[12-06|17:08:34.205] HeaderByNumber                           name=Feedback   err="missing required field 'gasUsed' for Header"
ERROR[12-06|17:08:35.212] HeaderByNumber                           name=Feedback   err="missing required field 'gasUsed' for Header"
ERROR[12-06|17:08:36.218] HeaderByNumber                           name=Feedback   err="missing required field 'gasUsed' for Header"
ERROR[12-06|17:08:37.250] HeaderByNumber                           name=Feedback   err="missing required field 'gasUsed' for Header"
ERROR[12-06|17:08:38.257] HeaderByNumber                           name=Feedback   err="missing required field 'gasUsed' for Header"
ERROR[12-06|17:08:39.262] HeaderByNumber                           name=Feedback   err="missing required field 'gasUsed' for Header"
ERROR[12-06|17:08:40.268] HeaderByNumber                           name=Feedback   err="missing required field 'gasUsed' for Header"
ERROR[12-06|17:08:41.274] HeaderByNumber                           name=Feedback   err="missing required field 'gasUsed' for Header"
ERROR[12-06|17:08:42.280] HeaderByNumber                           name=Feedback   err="missing required field 'gasUsed' for Header"
ERROR[12-06|17:08:43.286] HeaderByNumber                           name=Feedback   err="missing required field 'gasUsed' for Header"
ERROR[12-06|17:08:44.288] HeaderByNumber                           name=Feedback   err="missing required field 'gasUsed' for Header"
ERROR[12-06|17:08:45.291] HeaderByNumber                           name=Feedback   err="missing required field 'gasUsed' for Header"
ERROR[12-06|17:08:46.298] HeaderByNumber                           name=Feedback   err="missing required field 'gasUsed' for Header"
ERROR[12-06|17:08:47.300] HeaderByNumber                           name=Feedback   err="missing required field 'gasUsed' for Header"
ERROR[12-06|17:08:48.304] HeaderByNumber                           name=Feedback   err="missing required field 'gasUsed' for Header"
ERROR[12-06|17:08:49.305] HeaderByNumber                           name=Feedback   err="missing required field 'gasUsed' for Header"
ERROR[12-06|17:08:50.313] HeaderByNumber                           name=Feedback   err="missing required field 'gasUsed' for Header"
ERROR[12-06|17:08:51.317] HeaderByNumber                           name=Feedback   err="missing required field 'gasUsed' for Header"
ERROR[12-06|17:08:52.324] HeaderByNumber                           name=Feedback   err="missing required field 'gasUsed' for Header"
ERROR[12-06|17:08:53.328] HeaderByNumber                           name=Feedback   err="missing required field 'gasUsed' for Header"
ERROR[12-06|17:08:54.334] HeaderByNumber                           name=Feedback   err="missing required field 'gasUsed' for Header"
ERROR[12-06|17:08:55.339] HeaderByNumber                           name=Feedback   err="missing required field 'gasUsed' for Header"
ERROR[12-06|17:08:56.346] HeaderByNumber                           name=Feedback   err="missing required field 'gasUsed' for Header"
ERROR[12-06|17:08:57.350] HeaderByNumber                           name=Feedback   err="missing required field 'gasUsed' for Header"
ERROR[12-06|17:08:58.355] HeaderByNumber                           name=Feedback   err="missing required field 'gasUsed' for Header"
ERROR[12-06|17:08:59.359] HeaderByNumber                           name=Feedback   err="missing required field 'gasUsed' for Header"
ERROR[12-06|17:09:00.368] HeaderByNumber                           name=Feedback   err="missing required field 'gasUsed' for Header"
ERROR[12-06|17:09:01.371] HeaderByNumber                           name=Feedback   err="missing required field 'gasUsed' for Header"
ERROR[12-06|17:09:02.374] HeaderByNumber                           name=Feedback   err="missing required field 'gasUsed' for Header"
ERROR[12-06|17:09:03.376] HeaderByNumber                           name=Feedback   err="missing required field 'gasUsed' for Header"
ERROR[12-06|17:09:04.382] HeaderByNumber                           name=Feedback   err="missing required field 'gasUsed' for Header"
ERROR[12-06|17:09:05.388] HeaderByNumber                           name=Feedback   err="missing required field 'gasUsed' for Header"
ERROR[12-06|17:09:06.390] HeaderByNumber                           name=Feedback   err="missing required field 'gasUsed' for Header"
ERROR[12-06|17:09:07.397] HeaderByNumber                           name=Feedback   err="missing required field 'gasUsed' for Header"
ERROR[12-06|17:09:08.406] HeaderByNumber                           name=Feedback   err="missing required field 'gasUsed' for Header"
ERROR[12-06|17:09:09.414] HeaderByNumber                           name=Feedback   err="missing required field 'gasUsed' for Header"
ERROR[12-06|17:09:10.421] HeaderByNumber                           name=Feedback   err="missing required field 'gasUsed' for Header"
ERROR[12-06|17:09:11.425] HeaderByNumber                           name=Feedback   err="missing required field 'gasUsed' for Header"
ERROR[12-06|17:09:12.431] HeaderByNumber                           name=Feedback   err="missing required field 'gasUsed' for Header"
ERROR[12-06|17:09:13.436] HeaderByNumber                           name=Feedback   err="missing required field 'gasUsed' for Header"
ERROR[12-06|17:09:14.440] HeaderByNumber                           name=Feedback   err="missing required field 'gasUsed' for Header"
ERROR[12-06|17:09:15.446] HeaderByNumber                           name=Feedback   err="missing required field 'gasUsed' for Header"
ERROR[12-06|17:09:16.456] HeaderByNumber                           name=Feedback   err="missing required field 'gasUsed' for Header"
ERROR[12-06|17:09:17.458] HeaderByNumber                           name=Feedback   err="missing required field 'gasUsed' for Header"
ERROR[12-06|17:09:18.464] HeaderByNumber                           name=Feedback   err="missing required field 'gasUsed' for Header"
ERROR[12-06|17:09:19.470] HeaderByNumber                           name=Feedback   err="missing required field 'gasUsed' for Header"
ERROR[12-06|17:09:20.472] HeaderByNumber                           name=Feedback   err="missing required field 'gasUsed' for Header"
ERROR[12-06|17:09:21.476] HeaderByNumber                           name=Feedback   err="missing required field 'gasUsed' for Header"
ERROR[12-06|17:09:22.481] HeaderByNumber                           name=Feedback   err="missing required field 'gasUsed' for Header"
ERROR[12-06|17:09:23.487] HeaderByNumber                           name=Feedback   err="missing required field 'gasUsed' for Header"
ERROR[12-06|17:09:24.494] HeaderByNumber                           name=Feedback   err="missing required field 'gasUsed' for Header"
ERROR[12-06|17:09:25.499] HeaderByNumber                           name=Feedback   err="missing required field 'gasUsed' for Header"
ERROR[12-06|17:09:26.506] HeaderByNumber                           name=Feedback   err="missing required field 'gasUsed' for Header"
ERROR[12-06|17:09:27.509] HeaderByNumber                           name=Feedback   err="missing required field 'gasUsed' for Header"
ERROR[12-06|17:09:28.517] HeaderByNumber                           name=Feedback   err="missing required field 'gasUsed' for Header"
ERROR[12-06|17:09:29.523] HeaderByNumber                           name=Feedback   err="missing required field 'gasUsed' for Header"
ERROR[12-06|17:09:30.529] HeaderByNumber                           name=Feedback   err="missing required field 'gasUsed' for Header"
ERROR[12-06|17:09:31.535] HeaderByNumber                           name=Feedback   err="missing required field 'gasUsed' for Header"
ERROR[12-06|17:09:32.541] HeaderByNumber                           name=Feedback   err="missing required field 'gasUsed' for Header"
ERROR[12-06|17:09:33.551] HeaderByNumber                           name=Feedback   err="missing required field 'gasUsed' for Header"
ERROR[12-06|17:09:34.555] HeaderByNumber                           name=Feedback   err="missing required field 'gasUsed' for Header"
ERROR[12-06|17:09:35.557] HeaderByNumber                           name=Feedback   err="missing required field 'gasUsed' for Header"
ERROR[12-06|17:09:36.559] HeaderByNumber                           name=Feedback   err="missing required field 'gasUsed' for Header"
ERROR[12-06|17:09:37.564] HeaderByNumber                           name=Feedback   err="missing required field 'gasUsed' for Header"
ERROR[12-06|17:09:38.570] HeaderByNumber                           name=Feedback   err="missing required field 'gasUsed' for Header"
ERROR[12-06|17:09:39.574] HeaderByNumber                           name=Feedback   err="missing required field 'gasUsed' for Header"
ERROR[12-06|17:09:40.581] HeaderByNumber                           name=Feedback   err="missing required field 'gasUsed' for Header"
ERROR[12-06|17:09:41.586] HeaderByNumber                           name=Feedback   err="missing required field 'gasUsed' for Header"
ERROR[12-06|17:09:42.593] HeaderByNumber                           name=Feedback   err="missing required field 'gasUsed' for Header"
ERROR[12-06|17:09:43.599] HeaderByNumber                           name=Feedback   err="missing required field 'gasUsed' for Header"
